#
# There is insufficient memory for the Java Runtime Environment to continue.
# Native memory allocation (malloc) failed to allocate 32744 bytes for ChunkPool::allocate
# Possible reasons:
#   The system is out of physical RAM or swap space
#   The process is running with CompressedOops enabled, and the Java Heap may be blocking the growth of the native heap
# Possible solutions:
#   Reduce memory load on the system
#   Increase physical memory or swap space
#   Check if swap backing store is full
#   Decrease Java heap size (-Xmx/-Xms)
#   Decrease number of Java threads
#   Set larger code cache with -XX:ReservedCodeCacheSize=
#   JVM is running with Unscaled Compressed Oops mode in which the Java heap is
#     placed in the first 4GB address space. The Java Heap base address is the
#     maximum limit for the native heap growth. Please use -XX:HeapBaseMinAddress
#     to set the Java Heap base and to place the Java Heap above 4GB virtual address.
# This output file may be truncated or incomplete.
#
#  Out of Memory Error (./open/src/hotspot/share/memory/arena.cpp:79), pid=18368, tid=17076
#
# JRE version: Java(TM) SE Runtime Environment (15.0.2+7) (build 15.0.2+7-27)
# Java VM: Java HotSpot(TM) 64-Bit Server VM (15.0.2+7-27, mixed mode, sharing, tiered, compressed oops, g1 gc, windows-amd64)
# No core dump will be written. Minidumps are not enabled by default on client versions of Windows
#

---------------  S U M M A R Y ------------

Command Line: GYM.Main

Host: Intel(R) Core(TM) i7-8750H CPU @ 2.20GHz, 12 cores, 7G,  Windows 10 , 64 bit Build 19041 (10.0.19041.1151)
Time: Tue Aug 17 02:22:59 2021 Egypt Standard Time elapsed time: 943.190678 seconds (0d 0h 15m 43s)

---------------  T H R E A D  ---------------

Current thread (0x00000204a5de7300):  JavaThread "AWT-EventQueue-0" [_thread_in_vm, id=17076, stack(0x00000055bc600000,0x00000055bc700000)]

Stack: [0x00000055bc600000,0x00000055bc700000]
Native frames: (J=compiled Java code, j=interpreted, Vv=VM code, C=native code)
V  [jvm.dll+0x62ae9a]
V  [jvm.dll+0x7817a9]
V  [jvm.dll+0x782f03]
V  [jvm.dll+0x783563]
V  [jvm.dll+0x216325]
V  [jvm.dll+0x982cf]
V  [jvm.dll+0x9861c]
V  [jvm.dll+0x1c684f]
V  [jvm.dll+0x1c5650]
V  [jvm.dll+0x706243]
V  [jvm.dll+0x707c08]
V  [jvm.dll+0x707f03]
V  [jvm.dll+0x20f104]
V  [jvm.dll+0x348fd1]
C  0x000002048d17ee0d

Java frames: (J=compiled Java code, j=interpreted, Vv=VM code)
j  java.util.WeakHashMap$KeySet.iterator()Ljava/util/Iterator;+0 java.base@15.0.2
j  java.util.Collections$SynchronizedCollection.iterator()Ljava/util/Iterator;+4 java.base@15.0.2
j  java.util.AbstractCollection.addAll(Ljava/util/Collection;)Z+3 java.base@15.0.2
j  java.util.HashSet.<init>(Ljava/util/Collection;)V+35 java.base@15.0.2
j  sun.awt.SunDisplayChanger.notifyListeners()V+40 java.desktop@15.0.2
j  sun.awt.Win32GraphicsDevice.displayChanged()V+23 java.desktop@15.0.2
j  sun.awt.Win32GraphicsEnvironment.displayChanged()V+198 java.desktop@15.0.2
j  sun.awt.windows.WToolkit.lambda$displayChanged$4()V+15 java.desktop@15.0.2
j  sun.awt.windows.WToolkit$$Lambda$138+0x0000000800cc25b8.run()V+0 java.desktop@15.0.2
j  java.awt.event.InvocationEvent.dispatch()V+47 java.desktop@15.0.2
j  java.awt.EventQueue.dispatchEventImpl(Ljava/awt/AWTEvent;Ljava/lang/Object;)V+21 java.desktop@15.0.2
j  java.awt.EventQueue$4.run()Ljava/lang/Void;+32 java.desktop@15.0.2
J 1368 c1 java.awt.EventQueue.dispatchEvent(Ljava/awt/AWTEvent;)V java.desktop@15.0.2 (80 bytes) @ 0x000002048d94a514 [0x000002048d949f60+0x00000000000005b4]
J 1382 c1 java.awt.EventDispatchThread.pumpOneEventForFilters(I)V java.desktop@15.0.2 (113 bytes) @ 0x000002048d954e1c [0x000002048d954780+0x000000000000069c]
j  java.awt.EventDispatchThread.pumpEventsForFilter(ILjava/awt/Conditional;Ljava/awt/EventFilter;)V+35 java.desktop@15.0.2
j  java.awt.EventDispatchThread.pumpEventsForHierarchy(ILjava/awt/Conditional;Ljava/awt/Component;)V+11 java.desktop@15.0.2
j  java.awt.EventDispatchThread.pumpEvents(ILjava/awt/Conditional;)V+4 java.desktop@15.0.2
j  java.awt.EventDispatchThread.pumpEvents(Ljava/awt/Conditional;)V+3 java.desktop@15.0.2
j  java.awt.EventDispatchThread.run()V+9 java.desktop@15.0.2
v  ~StubRoutines::call_stub

---------------  P R O C E S S  ---------------

Threads class SMR info:
_java_thread_list=0x00000204a776dd30, length=15, elements={
0x00000204a456a850, 0x00000204a456b420, 0x00000204a4585830, 0x00000204a4588200,
0x00000204a4588cb0, 0x00000204a458c830, 0x00000204a4592ce0, 0x00000204a459c7f0,
0x00000204a4fd9550, 0x00000204a4fe7be0, 0x00000204a5255740, 0x00000204a5268e60,
0x00000204a5269330, 0x00000204a5de7300, 0x00000204837010a0
}

Java Threads: ( => current thread )
  0x00000204a456a850 JavaThread "Reference Handler" daemon [_thread_blocked, id=3132, stack(0x00000055bb800000,0x00000055bb900000)]
  0x00000204a456b420 JavaThread "Finalizer" daemon [_thread_blocked, id=15824, stack(0x00000055bb900000,0x00000055bba00000)]
  0x00000204a4585830 JavaThread "Signal Dispatcher" daemon [_thread_blocked, id=21120, stack(0x00000055bba00000,0x00000055bbb00000)]
  0x00000204a4588200 JavaThread "Attach Listener" daemon [_thread_blocked, id=8160, stack(0x00000055bbb00000,0x00000055bbc00000)]
  0x00000204a4588cb0 JavaThread "Service Thread" daemon [_thread_blocked, id=22748, stack(0x00000055bbc00000,0x00000055bbd00000)]
  0x00000204a458c830 JavaThread "C2 CompilerThread0" daemon [_thread_blocked, id=13868, stack(0x00000055bbd00000,0x00000055bbe00000)]
  0x00000204a4592ce0 JavaThread "C1 CompilerThread0" daemon [_thread_blocked, id=11440, stack(0x00000055bbe00000,0x00000055bbf00000)]
  0x00000204a459c7f0 JavaThread "Sweeper thread" daemon [_thread_blocked, id=18032, stack(0x00000055bbf00000,0x00000055bc000000)]
  0x00000204a4fd9550 JavaThread "Notification Thread" daemon [_thread_blocked, id=23312, stack(0x00000055bc000000,0x00000055bc100000)]
  0x00000204a4fe7be0 JavaThread "Common-Cleaner" daemon [_thread_blocked, id=9812, stack(0x00000055bc200000,0x00000055bc300000)]
  0x00000204a5255740 JavaThread "Java2D Disposer" daemon [_thread_blocked, id=18736, stack(0x00000055bc300000,0x00000055bc400000)]
  0x00000204a5268e60 JavaThread "AWT-Shutdown" [_thread_blocked, id=22996, stack(0x00000055bc400000,0x00000055bc500000)]
  0x00000204a5269330 JavaThread "AWT-Windows" daemon [_thread_in_native, id=1696, stack(0x00000055bc500000,0x00000055bc600000)]
=>0x00000204a5de7300 JavaThread "AWT-EventQueue-0" [_thread_in_vm, id=17076, stack(0x00000055bc600000,0x00000055bc700000)]
  0x00000204837010a0 JavaThread "DestroyJavaVM" [_thread_blocked, id=22160, stack(0x00000055bb100000,0x00000055bb200000)]

Other Threads:
  0x00000204a4568fd0 VMThread "VM Thread" [stack: 0x00000055bb700000,0x00000055bb800000] [id=6592]
  0x00000204a4fe2680 WatcherThread [stack: 0x00000055bc100000,0x00000055bc200000] [id=16228]
  0x0000020483742660 GCTaskThread "GC Thread#0" [stack: 0x00000055bb200000,0x00000055bb300000] [id=10332]
  0x0000020483754340 ConcurrentGCThread "G1 Main Marker" [stack: 0x00000055bb300000,0x00000055bb400000] [id=8940]
  0x00000204837556d0 ConcurrentGCThread "G1 Conc#0" [stack: 0x00000055bb400000,0x00000055bb500000] [id=11872]
  0x00000204a43e0090 ConcurrentGCThread "G1 Refine#0" [stack: 0x00000055bb500000,0x00000055bb600000] [id=3656]
  0x00000204a43e0c90 ConcurrentGCThread "G1 Young RemSet Sampling" [stack: 0x00000055bb600000,0x00000055bb700000] [id=12228]

Threads with active compile tasks:

VM state: not at safepoint (normal execution)

VM Mutex/Monitor currently owned by a thread: None

Heap address: 0x0000000082400000, size: 2012 MB, Compressed Oops mode: 32-bit
CDS archive(s) mapped at: [0x0000000800000000-0x0000000800b50000-0x0000000800b50000), size 11862016, SharedBaseAddress: 0x0000000800000000, ArchiveRelocationMode: 0.
Compressed class space mapped at: 0x0000000800b50000-0x0000000840b50000, size: 1073741824
Narrow klass base: 0x0000000800000000, Narrow klass shift: 3, Narrow klass range: 0x100000000

GC Precious Log:
 CPUs: 12 total, 12 available
 Memory: 8046M
 Large Page Support: Disabled
 NUMA Support: Disabled
 Compressed Oops: Enabled (32-bit)
 Heap Region Size: 1M
 Heap Min Capacity: 8M
 Heap Initial Capacity: 126M
 Heap Max Capacity: 2012M
 Pre-touch: Disabled
 Parallel Workers: 10
 Concurrent Workers: 3
 Concurrent Refinement Workers: 10
 Periodic GC: Disabled

Heap:
 garbage-first heap   total 129024K, used 28672K [0x0000000082400000, 0x0000000100000000)
  region size 1024K, 16 young (16384K), 0 survivors (0K)
 Metaspace       used 11972K, capacity 12185K, committed 12288K, reserved 1060864K
  class space    used 1412K, capacity 1478K, committed 1536K, reserved 1048576K

Heap Regions: E=young(eden), S=young(survivor), O=old, HS=humongous(starts), HC=humongous(continues), CS=collection set, F=free, OA=open archive, CA=closed archive, TAMS=top-at-mark-start (previous, next)
|   0|0x0000000082400000, 0x0000000082500000, 0x0000000082500000|100%|HS|  |TAMS 0x0000000082400000, 0x0000000082400000| Complete 
|   1|0x0000000082500000, 0x0000000082600000, 0x0000000082600000|100%|HC|  |TAMS 0x0000000082500000, 0x0000000082500000| Complete 
|   2|0x0000000082600000, 0x0000000082700000, 0x0000000082700000|100%|HS|  |TAMS 0x0000000082600000, 0x0000000082600000| Complete 
|   3|0x0000000082700000, 0x0000000082800000, 0x0000000082800000|100%|HC|  |TAMS 0x0000000082700000, 0x0000000082700000| Complete 
|   4|0x0000000082800000, 0x0000000082900000, 0x0000000082900000|100%|HC|  |TAMS 0x0000000082800000, 0x0000000082800000| Complete 
|   5|0x0000000082900000, 0x0000000082a00000, 0x0000000082a00000|100%|HC|  |TAMS 0x0000000082900000, 0x0000000082900000| Complete 
|   6|0x0000000082a00000, 0x0000000082b00000, 0x0000000082b00000|100%|HC|  |TAMS 0x0000000082a00000, 0x0000000082a00000| Complete 
|   7|0x0000000082b00000, 0x0000000082c00000, 0x0000000082c00000|100%|HS|  |TAMS 0x0000000082b00000, 0x0000000082b00000| Complete 
|   8|0x0000000082c00000, 0x0000000082d00000, 0x0000000082d00000|100%|HC|  |TAMS 0x0000000082c00000, 0x0000000082c00000| Complete 
|   9|0x0000000082d00000, 0x0000000082e00000, 0x0000000082e00000|100%|HC|  |TAMS 0x0000000082d00000, 0x0000000082d00000| Complete 
|  10|0x0000000082e00000, 0x0000000082f00000, 0x0000000082f00000|100%|HC|  |TAMS 0x0000000082e00000, 0x0000000082e00000| Complete 
|  11|0x0000000082f00000, 0x0000000083000000, 0x0000000083000000|100%|HC|  |TAMS 0x0000000082f00000, 0x0000000082f00000| Complete 
|  12|0x0000000083000000, 0x0000000083100000, 0x0000000083100000|100%|HC|  |TAMS 0x0000000083000000, 0x0000000083000000| Complete 
|  13|0x0000000083100000, 0x0000000083100000, 0x0000000083200000|  0%| F|  |TAMS 0x0000000083100000, 0x0000000083100000| Untracked 
|  14|0x0000000083200000, 0x0000000083200000, 0x0000000083300000|  0%| F|  |TAMS 0x0000000083200000, 0x0000000083200000| Untracked 
|  15|0x0000000083300000, 0x0000000083300000, 0x0000000083400000|  0%| F|  |TAMS 0x0000000083300000, 0x0000000083300000| Untracked 
|  16|0x0000000083400000, 0x0000000083400000, 0x0000000083500000|  0%| F|  |TAMS 0x0000000083400000, 0x0000000083400000| Untracked 
|  17|0x0000000083500000, 0x0000000083500000, 0x0000000083600000|  0%| F|  |TAMS 0x0000000083500000, 0x0000000083500000| Untracked 
|  18|0x0000000083600000, 0x0000000083600000, 0x0000000083700000|  0%| F|  |TAMS 0x0000000083600000, 0x0000000083600000| Untracked 
|  19|0x0000000083700000, 0x0000000083700000, 0x0000000083800000|  0%| F|  |TAMS 0x0000000083700000, 0x0000000083700000| Untracked 
|  20|0x0000000083800000, 0x0000000083800000, 0x0000000083900000|  0%| F|  |TAMS 0x0000000083800000, 0x0000000083800000| Untracked 
|  21|0x0000000083900000, 0x0000000083900000, 0x0000000083a00000|  0%| F|  |TAMS 0x0000000083900000, 0x0000000083900000| Untracked 
|  22|0x0000000083a00000, 0x0000000083a00000, 0x0000000083b00000|  0%| F|  |TAMS 0x0000000083a00000, 0x0000000083a00000| Untracked 
|  23|0x0000000083b00000, 0x0000000083b00000, 0x0000000083c00000|  0%| F|  |TAMS 0x0000000083b00000, 0x0000000083b00000| Untracked 
|  24|0x0000000083c00000, 0x0000000083c00000, 0x0000000083d00000|  0%| F|  |TAMS 0x0000000083c00000, 0x0000000083c00000| Untracked 
|  25|0x0000000083d00000, 0x0000000083d00000, 0x0000000083e00000|  0%| F|  |TAMS 0x0000000083d00000, 0x0000000083d00000| Untracked 
|  26|0x0000000083e00000, 0x0000000083e00000, 0x0000000083f00000|  0%| F|  |TAMS 0x0000000083e00000, 0x0000000083e00000| Untracked 
|  27|0x0000000083f00000, 0x0000000083f00000, 0x0000000084000000|  0%| F|  |TAMS 0x0000000083f00000, 0x0000000083f00000| Untracked 
|  28|0x0000000084000000, 0x0000000084000000, 0x0000000084100000|  0%| F|  |TAMS 0x0000000084000000, 0x0000000084000000| Untracked 
|  29|0x0000000084100000, 0x0000000084100000, 0x0000000084200000|  0%| F|  |TAMS 0x0000000084100000, 0x0000000084100000| Untracked 
|  30|0x0000000084200000, 0x0000000084200000, 0x0000000084300000|  0%| F|  |TAMS 0x0000000084200000, 0x0000000084200000| Untracked 
|  31|0x0000000084300000, 0x0000000084300000, 0x0000000084400000|  0%| F|  |TAMS 0x0000000084300000, 0x0000000084300000| Untracked 
|  32|0x0000000084400000, 0x0000000084400000, 0x0000000084500000|  0%| F|  |TAMS 0x0000000084400000, 0x0000000084400000| Untracked 
|  33|0x0000000084500000, 0x0000000084500000, 0x0000000084600000|  0%| F|  |TAMS 0x0000000084500000, 0x0000000084500000| Untracked 
|  34|0x0000000084600000, 0x0000000084600000, 0x0000000084700000|  0%| F|  |TAMS 0x0000000084600000, 0x0000000084600000| Untracked 
|  35|0x0000000084700000, 0x0000000084700000, 0x0000000084800000|  0%| F|  |TAMS 0x0000000084700000, 0x0000000084700000| Untracked 
|  36|0x0000000084800000, 0x0000000084800000, 0x0000000084900000|  0%| F|  |TAMS 0x0000000084800000, 0x0000000084800000| Untracked 
|  37|0x0000000084900000, 0x0000000084900000, 0x0000000084a00000|  0%| F|  |TAMS 0x0000000084900000, 0x0000000084900000| Untracked 
|  38|0x0000000084a00000, 0x0000000084a00000, 0x0000000084b00000|  0%| F|  |TAMS 0x0000000084a00000, 0x0000000084a00000| Untracked 
|  39|0x0000000084b00000, 0x0000000084b00000, 0x0000000084c00000|  0%| F|  |TAMS 0x0000000084b00000, 0x0000000084b00000| Untracked 
|  40|0x0000000084c00000, 0x0000000084c00000, 0x0000000084d00000|  0%| F|  |TAMS 0x0000000084c00000, 0x0000000084c00000| Untracked 
|  41|0x0000000084d00000, 0x0000000084d00000, 0x0000000084e00000|  0%| F|  |TAMS 0x0000000084d00000, 0x0000000084d00000| Untracked 
|  42|0x0000000084e00000, 0x0000000084e00000, 0x0000000084f00000|  0%| F|  |TAMS 0x0000000084e00000, 0x0000000084e00000| Untracked 
|  43|0x0000000084f00000, 0x0000000084f00000, 0x0000000085000000|  0%| F|  |TAMS 0x0000000084f00000, 0x0000000084f00000| Untracked 
|  44|0x0000000085000000, 0x0000000085000000, 0x0000000085100000|  0%| F|  |TAMS 0x0000000085000000, 0x0000000085000000| Untracked 
|  45|0x0000000085100000, 0x0000000085100000, 0x0000000085200000|  0%| F|  |TAMS 0x0000000085100000, 0x0000000085100000| Untracked 
|  46|0x0000000085200000, 0x0000000085200000, 0x0000000085300000|  0%| F|  |TAMS 0x0000000085200000, 0x0000000085200000| Untracked 
|  47|0x0000000085300000, 0x0000000085300000, 0x0000000085400000|  0%| F|  |TAMS 0x0000000085300000, 0x0000000085300000| Untracked 
|  48|0x0000000085400000, 0x0000000085400000, 0x0000000085500000|  0%| F|  |TAMS 0x0000000085400000, 0x0000000085400000| Untracked 
|  49|0x0000000085500000, 0x0000000085500000, 0x0000000085600000|  0%| F|  |TAMS 0x0000000085500000, 0x0000000085500000| Untracked 
|  50|0x0000000085600000, 0x0000000085600000, 0x0000000085700000|  0%| F|  |TAMS 0x0000000085600000, 0x0000000085600000| Untracked 
|  51|0x0000000085700000, 0x0000000085700000, 0x0000000085800000|  0%| F|  |TAMS 0x0000000085700000, 0x0000000085700000| Untracked 
|  52|0x0000000085800000, 0x0000000085800000, 0x0000000085900000|  0%| F|  |TAMS 0x0000000085800000, 0x0000000085800000| Untracked 
|  53|0x0000000085900000, 0x0000000085900000, 0x0000000085a00000|  0%| F|  |TAMS 0x0000000085900000, 0x0000000085900000| Untracked 
|  54|0x0000000085a00000, 0x0000000085a00000, 0x0000000085b00000|  0%| F|  |TAMS 0x0000000085a00000, 0x0000000085a00000| Untracked 
|  55|0x0000000085b00000, 0x0000000085b00000, 0x0000000085c00000|  0%| F|  |TAMS 0x0000000085b00000, 0x0000000085b00000| Untracked 
|  56|0x0000000085c00000, 0x0000000085c00000, 0x0000000085d00000|  0%| F|  |TAMS 0x0000000085c00000, 0x0000000085c00000| Untracked 
|  57|0x0000000085d00000, 0x0000000085d00000, 0x0000000085e00000|  0%| F|  |TAMS 0x0000000085d00000, 0x0000000085d00000| Untracked 
|  58|0x0000000085e00000, 0x0000000085e00000, 0x0000000085f00000|  0%| F|  |TAMS 0x0000000085e00000, 0x0000000085e00000| Untracked 
|  59|0x0000000085f00000, 0x0000000085f00000, 0x0000000086000000|  0%| F|  |TAMS 0x0000000085f00000, 0x0000000085f00000| Untracked 
|  60|0x0000000086000000, 0x0000000086000000, 0x0000000086100000|  0%| F|  |TAMS 0x0000000086000000, 0x0000000086000000| Untracked 
|  61|0x0000000086100000, 0x0000000086100000, 0x0000000086200000|  0%| F|  |TAMS 0x0000000086100000, 0x0000000086100000| Untracked 
|  62|0x0000000086200000, 0x0000000086200000, 0x0000000086300000|  0%| F|  |TAMS 0x0000000086200000, 0x0000000086200000| Untracked 
|  63|0x0000000086300000, 0x0000000086300000, 0x0000000086400000|  0%| F|  |TAMS 0x0000000086300000, 0x0000000086300000| Untracked 
|  64|0x0000000086400000, 0x0000000086400000, 0x0000000086500000|  0%| F|  |TAMS 0x0000000086400000, 0x0000000086400000| Untracked 
|  65|0x0000000086500000, 0x0000000086500000, 0x0000000086600000|  0%| F|  |TAMS 0x0000000086500000, 0x0000000086500000| Untracked 
|  66|0x0000000086600000, 0x0000000086600000, 0x0000000086700000|  0%| F|  |TAMS 0x0000000086600000, 0x0000000086600000| Untracked 
|  67|0x0000000086700000, 0x0000000086700000, 0x0000000086800000|  0%| F|  |TAMS 0x0000000086700000, 0x0000000086700000| Untracked 
|  68|0x0000000086800000, 0x0000000086800000, 0x0000000086900000|  0%| F|  |TAMS 0x0000000086800000, 0x0000000086800000| Untracked 
|  69|0x0000000086900000, 0x0000000086900000, 0x0000000086a00000|  0%| F|  |TAMS 0x0000000086900000, 0x0000000086900000| Untracked 
|  70|0x0000000086a00000, 0x0000000086a00000, 0x0000000086b00000|  0%| F|  |TAMS 0x0000000086a00000, 0x0000000086a00000| Untracked 
|  71|0x0000000086b00000, 0x0000000086b00000, 0x0000000086c00000|  0%| F|  |TAMS 0x0000000086b00000, 0x0000000086b00000| Untracked 
|  72|0x0000000086c00000, 0x0000000086c00000, 0x0000000086d00000|  0%| F|  |TAMS 0x0000000086c00000, 0x0000000086c00000| Untracked 
|  73|0x0000000086d00000, 0x0000000086d00000, 0x0000000086e00000|  0%| F|  |TAMS 0x0000000086d00000, 0x0000000086d00000| Untracked 
|  74|0x0000000086e00000, 0x0000000086e00000, 0x0000000086f00000|  0%| F|  |TAMS 0x0000000086e00000, 0x0000000086e00000| Untracked 
|  75|0x0000000086f00000, 0x0000000086f00000, 0x0000000087000000|  0%| F|  |TAMS 0x0000000086f00000, 0x0000000086f00000| Untracked 
|  76|0x0000000087000000, 0x0000000087000000, 0x0000000087100000|  0%| F|  |TAMS 0x0000000087000000, 0x0000000087000000| Untracked 
|  77|0x0000000087100000, 0x0000000087100000, 0x0000000087200000|  0%| F|  |TAMS 0x0000000087100000, 0x0000000087100000| Untracked 
|  78|0x0000000087200000, 0x0000000087200000, 0x0000000087300000|  0%| F|  |TAMS 0x0000000087200000, 0x0000000087200000| Untracked 
|  79|0x0000000087300000, 0x0000000087300000, 0x0000000087400000|  0%| F|  |TAMS 0x0000000087300000, 0x0000000087300000| Untracked 
|  80|0x0000000087400000, 0x0000000087400000, 0x0000000087500000|  0%| F|  |TAMS 0x0000000087400000, 0x0000000087400000| Untracked 
|  81|0x0000000087500000, 0x0000000087500000, 0x0000000087600000|  0%| F|  |TAMS 0x0000000087500000, 0x0000000087500000| Untracked 
|  82|0x0000000087600000, 0x0000000087600000, 0x0000000087700000|  0%| F|  |TAMS 0x0000000087600000, 0x0000000087600000| Untracked 
|  83|0x0000000087700000, 0x0000000087700000, 0x0000000087800000|  0%| F|  |TAMS 0x0000000087700000, 0x0000000087700000| Untracked 
|  84|0x0000000087800000, 0x0000000087800000, 0x0000000087900000|  0%| F|  |TAMS 0x0000000087800000, 0x0000000087800000| Untracked 
|  85|0x0000000087900000, 0x0000000087900000, 0x0000000087a00000|  0%| F|  |TAMS 0x0000000087900000, 0x0000000087900000| Untracked 
|  86|0x0000000087a00000, 0x0000000087a00000, 0x0000000087b00000|  0%| F|  |TAMS 0x0000000087a00000, 0x0000000087a00000| Untracked 
|  87|0x0000000087b00000, 0x0000000087b00000, 0x0000000087c00000|  0%| F|  |TAMS 0x0000000087b00000, 0x0000000087b00000| Untracked 
|  88|0x0000000087c00000, 0x0000000087c00000, 0x0000000087d00000|  0%| F|  |TAMS 0x0000000087c00000, 0x0000000087c00000| Untracked 
|  89|0x0000000087d00000, 0x0000000087d00000, 0x0000000087e00000|  0%| F|  |TAMS 0x0000000087d00000, 0x0000000087d00000| Untracked 
|  90|0x0000000087e00000, 0x0000000087e00000, 0x0000000087f00000|  0%| F|  |TAMS 0x0000000087e00000, 0x0000000087e00000| Untracked 
|  91|0x0000000087f00000, 0x0000000087f00000, 0x0000000088000000|  0%| F|  |TAMS 0x0000000087f00000, 0x0000000087f00000| Untracked 
|  92|0x0000000088000000, 0x0000000088000000, 0x0000000088100000|  0%| F|  |TAMS 0x0000000088000000, 0x0000000088000000| Untracked 
|  93|0x0000000088100000, 0x0000000088100000, 0x0000000088200000|  0%| F|  |TAMS 0x0000000088100000, 0x0000000088100000| Untracked 
|  94|0x0000000088200000, 0x0000000088200000, 0x0000000088300000|  0%| F|  |TAMS 0x0000000088200000, 0x0000000088200000| Untracked 
|  95|0x0000000088300000, 0x0000000088300000, 0x0000000088400000|  0%| F|  |TAMS 0x0000000088300000, 0x0000000088300000| Untracked 
|  96|0x0000000088400000, 0x0000000088400000, 0x0000000088500000|  0%| F|  |TAMS 0x0000000088400000, 0x0000000088400000| Untracked 
|  97|0x0000000088500000, 0x0000000088500000, 0x0000000088600000|  0%| F|  |TAMS 0x0000000088500000, 0x0000000088500000| Untracked 
|  98|0x0000000088600000, 0x0000000088600000, 0x0000000088700000|  0%| F|  |TAMS 0x0000000088600000, 0x0000000088600000| Untracked 
|  99|0x0000000088700000, 0x0000000088700000, 0x0000000088800000|  0%| F|  |TAMS 0x0000000088700000, 0x0000000088700000| Untracked 
| 100|0x0000000088800000, 0x0000000088800000, 0x0000000088900000|  0%| F|  |TAMS 0x0000000088800000, 0x0000000088800000| Untracked 
| 101|0x0000000088900000, 0x0000000088900000, 0x0000000088a00000|  0%| F|  |TAMS 0x0000000088900000, 0x0000000088900000| Untracked 
| 102|0x0000000088a00000, 0x0000000088a00000, 0x0000000088b00000|  0%| F|  |TAMS 0x0000000088a00000, 0x0000000088a00000| Untracked 
| 103|0x0000000088b00000, 0x0000000088b00000, 0x0000000088c00000|  0%| F|  |TAMS 0x0000000088b00000, 0x0000000088b00000| Untracked 
| 104|0x0000000088c00000, 0x0000000088c00000, 0x0000000088d00000|  0%| F|  |TAMS 0x0000000088c00000, 0x0000000088c00000| Untracked 
| 105|0x0000000088d00000, 0x0000000088d00000, 0x0000000088e00000|  0%| F|  |TAMS 0x0000000088d00000, 0x0000000088d00000| Untracked 
| 106|0x0000000088e00000, 0x0000000088e00000, 0x0000000088f00000|  0%| F|  |TAMS 0x0000000088e00000, 0x0000000088e00000| Untracked 
| 107|0x0000000088f00000, 0x0000000088f00000, 0x0000000089000000|  0%| F|  |TAMS 0x0000000088f00000, 0x0000000088f00000| Untracked 
| 108|0x0000000089000000, 0x0000000089000000, 0x0000000089100000|  0%| F|  |TAMS 0x0000000089000000, 0x0000000089000000| Untracked 
| 109|0x0000000089100000, 0x0000000089100000, 0x0000000089200000|  0%| F|  |TAMS 0x0000000089100000, 0x0000000089100000| Untracked 
| 110|0x0000000089200000, 0x00000000892f6310, 0x0000000089300000| 96%| E|  |TAMS 0x0000000089200000, 0x0000000089200000| Complete 
| 111|0x0000000089300000, 0x0000000089400000, 0x0000000089400000|100%| E|CS|TAMS 0x0000000089300000, 0x0000000089300000| Complete 
| 112|0x0000000089400000, 0x0000000089500000, 0x0000000089500000|100%| E|CS|TAMS 0x0000000089400000, 0x0000000089400000| Complete 
| 113|0x0000000089500000, 0x0000000089600000, 0x0000000089600000|100%| E|CS|TAMS 0x0000000089500000, 0x0000000089500000| Complete 
| 114|0x0000000089600000, 0x0000000089700000, 0x0000000089700000|100%| E|CS|TAMS 0x0000000089600000, 0x0000000089600000| Complete 
| 115|0x0000000089700000, 0x0000000089800000, 0x0000000089800000|100%| E|CS|TAMS 0x0000000089700000, 0x0000000089700000| Complete 
| 116|0x0000000089800000, 0x0000000089900000, 0x0000000089900000|100%| E|CS|TAMS 0x0000000089800000, 0x0000000089800000| Complete 
| 117|0x0000000089900000, 0x0000000089a00000, 0x0000000089a00000|100%| E|CS|TAMS 0x0000000089900000, 0x0000000089900000| Complete 
| 118|0x0000000089a00000, 0x0000000089b00000, 0x0000000089b00000|100%| E|CS|TAMS 0x0000000089a00000, 0x0000000089a00000| Complete 
| 119|0x0000000089b00000, 0x0000000089c00000, 0x0000000089c00000|100%| E|CS|TAMS 0x0000000089b00000, 0x0000000089b00000| Complete 
| 120|0x0000000089c00000, 0x0000000089d00000, 0x0000000089d00000|100%| E|CS|TAMS 0x0000000089c00000, 0x0000000089c00000| Complete 
| 121|0x0000000089d00000, 0x0000000089e00000, 0x0000000089e00000|100%| E|CS|TAMS 0x0000000089d00000, 0x0000000089d00000| Complete 
| 122|0x0000000089e00000, 0x0000000089f00000, 0x0000000089f00000|100%| E|CS|TAMS 0x0000000089e00000, 0x0000000089e00000| Complete 
| 123|0x0000000089f00000, 0x000000008a000000, 0x000000008a000000|100%| E|CS|TAMS 0x0000000089f00000, 0x0000000089f00000| Complete 
| 124|0x000000008a000000, 0x000000008a100000, 0x000000008a100000|100%| E|CS|TAMS 0x000000008a000000, 0x000000008a000000| Complete 
| 125|0x000000008a100000, 0x000000008a200000, 0x000000008a200000|100%| E|CS|TAMS 0x000000008a100000, 0x000000008a100000| Complete 

Card table byte_map: [0x000002049d1e0000,0x000002049d5d0000] _byte_map_base: 0x000002049cdce000

Marking Bits (Prev, Next): (CMBitMap*) 0x0000020483743e60, (CMBitMap*) 0x0000020483743ea0
 Prev Bits: [0x000002049d9c0000, 0x000002049f930000)
 Next Bits: [0x000002049f930000, 0x00000204a18a0000)

Polling page: 0x00000204837e0000

Metaspace:

Usage:
  Non-class:     10.46 MB capacity,    10.31 MB ( 99%) used,   131.38 KB (  1%) free+waste,    14.81 KB ( <1%) overhead. 
      Class:      1.44 MB capacity,     1.38 MB ( 96%) used,    59.77 KB (  4%) free+waste,     6.06 KB ( <1%) overhead. 
       Both:     11.90 MB capacity,    11.69 MB ( 98%) used,   191.16 KB (  2%) free+waste,    20.88 KB ( <1%) overhead. 

Virtual space:
  Non-class space:       12.00 MB reserved,      10.50 MB ( 88%) committed 
      Class space:        1.00 GB reserved,       1.50 MB ( <1%) committed 
             Both:        1.01 GB reserved,      12.00 MB (  1%) committed 

Chunk freelists:
   Non-Class:  45.00 KB
       Class:  26.00 KB
        Both:  71.00 KB

MaxMetaspaceSize: 17179869184.00 GB
CompressedClassSpaceSize: 1.00 GB

CodeHeap 'non-profiled nmethods': size=120000Kb used=614Kb max_used=614Kb free=119385Kb
 bounds [0x0000020494c30000, 0x0000020494ea0000, 0x000002049c160000]
CodeHeap 'profiled nmethods': size=120000Kb used=2498Kb max_used=2498Kb free=117501Kb
 bounds [0x000002048d700000, 0x000002048d980000, 0x0000020494c30000]
CodeHeap 'non-nmethods': size=5760Kb used=1320Kb max_used=1387Kb free=4439Kb
 bounds [0x000002048d160000, 0x000002048d3d0000, 0x000002048d700000]
 total_blobs=2036 nmethods=1410 adapters=539
 compilation: enabled
              stopped_count=0, restarted_count=0
 full_count=0

Compilation events (20 events):
Event: 9.697 Thread 0x00000204a4592ce0 nmethod 1405 0x000002048d968690 code [0x000002048d968840, 0x000002048d968d08]
Event: 9.720 Thread 0x00000204a4592ce0 1406       1       sun.util.locale.StringTokenIterator::current (5 bytes)
Event: 9.720 Thread 0x00000204a4592ce0 nmethod 1406 0x0000020494cc8410 code [0x0000020494cc85a0, 0x0000020494cc8658]
Event: 9.724 Thread 0x00000204a4592ce0 1407       3       java.awt.EventQueue::uncacheEQItem (53 bytes)
Event: 9.725 Thread 0x00000204a4592ce0 nmethod 1407 0x000002048d968e10 code [0x000002048d968fe0, 0x000002048d9696e8]
Event: 9.729 Thread 0x00000204a4592ce0 1408       3       java.util.LinkedList::checkPositionIndex (22 bytes)
Event: 9.730 Thread 0x00000204a4592ce0 nmethod 1408 0x000002048d969890 code [0x000002048d969ae0, 0x000002048d96a1c8]
Event: 9.730 Thread 0x00000204a4592ce0 1409       3       java.util.LinkedList::isPositionIndex (18 bytes)
Event: 9.730 Thread 0x00000204a4592ce0 nmethod 1409 0x000002048d96a490 code [0x000002048d96a620, 0x000002048d96a7b8]
Event: 9.730 Thread 0x00000204a4592ce0 1410       3       java.util.LinkedList::listIterator (15 bytes)
Event: 9.731 Thread 0x00000204a4592ce0 nmethod 1410 0x000002048d96a890 code [0x000002048d96aa80, 0x000002048d96ae88]
Event: 9.731 Thread 0x00000204a4592ce0 1411       3       java.util.LinkedList$ListItr::<init> (47 bytes)
Event: 9.732 Thread 0x00000204a4592ce0 nmethod 1411 0x000002048d96b010 code [0x000002048d96b1c0, 0x000002048d96b4a8]
Event: 9.732 Thread 0x00000204a4592ce0 1412       1       sun.util.locale.BaseLocale::getRegion (5 bytes)
Event: 9.732 Thread 0x00000204a4592ce0 nmethod 1412 0x0000020494cc8710 code [0x0000020494cc88a0, 0x0000020494cc8958]
Event: 9.734 Thread 0x00000204a4592ce0 1413       3       java.awt.Container::adjustDescendants (21 bytes)
Event: 9.734 Thread 0x00000204a4592ce0 nmethod 1413 0x000002048d96b590 code [0x000002048d96b740, 0x000002048d96b968]
Event: 9.734 Thread 0x00000204a4592ce0 1414       3       java.awt.Container::getListenersCount (52 bytes)
Event: 9.735 Thread 0x00000204a4592ce0 nmethod 1414 0x000002048d96ba10 code [0x000002048d96bbe0, 0x000002048d96c018]
Event: 943.179 Thread 0x00000204a4592ce0 1415       3       java.lang.invoke.TypeConvertingMethodAdapter::convertType (299 bytes)

GC Heap History (0 events):
No events

Deoptimization events (20 events):
Event: 8.416 Thread 0x00000204a5de7300 Uncommon trap: trap_request=0xffffff76 fr.pc=0x0000020494c8fe04 relative=0x0000000000000624
Event: 8.417 Thread 0x00000204a5de7300 Uncommon trap: reason=predicate action=maybe_recompile pc=0x0000020494c8fe04 method=java.awt.LinearGradientPaintContext.fillRaster([IIIIIII)V @ 53 c2
Event: 8.417 Thread 0x00000204a5de7300 DEOPT PACKING pc=0x0000020494c8fe04 sp=0x00000055bc6fb2e0
Event: 8.417 Thread 0x00000204a5de7300 DEOPT UNPACKING pc=0x000002048d1ae42f sp=0x00000055bc6fb258 mode 2
Event: 8.417 Thread 0x00000204a5de7300 Uncommon trap: trap_request=0xffffff45 fr.pc=0x0000020494c8b7b8 relative=0x0000000000000358
Event: 8.417 Thread 0x00000204a5de7300 Uncommon trap: reason=unstable_if action=reinterpret pc=0x0000020494c8b7b8 method=java.awt.MultipleGradientPaintContext.indexIntoGradientsArrays(F)I @ 93 c2
Event: 8.417 Thread 0x00000204a5de7300 DEOPT PACKING pc=0x0000020494c8b7b8 sp=0x00000055bc6fb240
Event: 8.417 Thread 0x00000204a5de7300 DEOPT UNPACKING pc=0x000002048d1ae42f sp=0x00000055bc6fb1c8 mode 2
Event: 8.417 Thread 0x00000204a5de7300 Uncommon trap: trap_request=0xffffff45 fr.pc=0x0000020494c8ddb0 relative=0x00000000000008d0
Event: 8.417 Thread 0x00000204a5de7300 Uncommon trap: reason=unstable_if action=reinterpret pc=0x0000020494c8ddb0 method=java.awt.MultipleGradientPaintContext.indexIntoGradientsArrays(F)I @ 93 c2
Event: 8.417 Thread 0x00000204a5de7300 DEOPT PACKING pc=0x0000020494c8ddb0 sp=0x00000055bc6fb2c0
Event: 8.417 Thread 0x00000204a5de7300 DEOPT UNPACKING pc=0x000002048d1ae42f sp=0x00000055bc6fb1d0 mode 2
Event: 8.418 Thread 0x00000204a5de7300 DEOPT PACKING pc=0x000002048d9086fc sp=0x00000055bc6fb450
Event: 8.418 Thread 0x00000204a5de7300 DEOPT UNPACKING pc=0x000002048d1ae23f sp=0x00000055bc6fa870 mode 0
Event: 8.435 Thread 0x00000204a5de7300 DEOPT PACKING pc=0x000002048d8fb19d sp=0x00000055bc6fbbe0
Event: 8.435 Thread 0x00000204a5de7300 DEOPT UNPACKING pc=0x000002048d1ae23f sp=0x00000055bc6fafc0 mode 0
Event: 8.436 Thread 0x00000204a5de7300 DEOPT PACKING pc=0x000002048d8dfc3f sp=0x00000055bc6fbd10
Event: 8.436 Thread 0x00000204a5de7300 DEOPT UNPACKING pc=0x000002048d1ae23f sp=0x00000055bc6fb1a0 mode 0
Event: 9.174 Thread 0x00000204a5de7300 DEOPT PACKING pc=0x000002048d8fb0cc sp=0x00000055bc6fbb70
Event: 9.174 Thread 0x00000204a5de7300 DEOPT UNPACKING pc=0x000002048d1ae23f sp=0x00000055bc6faf50 mode 0

Classes unloaded (0 events):
No events

Classes redefined (0 events):
No events

Internal exceptions (20 events):
Event: 0.842 Thread 0x00000204837010a0 Exception <a 'java/lang/ClassNotFoundException'{0x0000000089d2e610}: TreeCell> (0x0000000089d2e610) 
thrown [./open/src/hotspot/share/classfile/systemDictionary.cpp, line 295]
Event: 0.843 Thread 0x00000204837010a0 Exception <a 'java/lang/ClassNotFoundException'{0x0000000089d2edd0}: RootPane> (0x0000000089d2edd0) 
thrown [./open/src/hotspot/share/classfile/systemDictionary.cpp, line 295]
Event: 0.848 Thread 0x00000204837010a0 Exception <a 'java/lang/ClassNotFoundException'{0x0000000089d31c20}: com/sun/swing/internal/plaf/metal/resources/spi/metalProvider> (0x0000000089d31c20) 
thrown [./open/src/hotspot/share/classfile/systemDictionary.cpp, line 295]
Event: 0.850 Thread 0x00000204837010a0 Exception <a 'java/lang/ClassNotFoundException'{0x0000000089d35c38}: com/sun/swing/internal/plaf/basic/resources/spi/basicProvider> (0x0000000089d35c38) 
thrown [./open/src/hotspot/share/classfile/systemDictionary.cpp, line 295]
Event: 0.911 Thread 0x00000204a5de7300 Exception <a 'java/lang/ClassNotFoundException'{0x0000000089c0cb18}: com/sun/swing/internal/plaf/synth/resources/spi/synthProvider> (0x0000000089c0cb18) 
thrown [./open/src/hotspot/share/classfile/systemDictionary.cpp, line 295]
Event: 1.191 Thread 0x00000204a60a5300 Exception <a 'java/lang/NoSuchMethodError'{0x0000000089b85138}: 'java.lang.Object java.lang.invoke.DirectMethodHandle$Holder.newInvokeSpecial(java.lang.Object, java.lang.Object, java.lang.Object, int, int, int, int, int)'> (0x0000000089b85138) 
thrown [./open/src/hotspot/share/interpreter/linkResolver.cpp, line 782]
Event: 1.745 Thread 0x00000204a5de7300 Exception <a 'java/lang/NoSuchMethodError'{0x0000000089b633f8}: 'void java.lang.invoke.DirectMethodHandle$Holder.invokeStaticInit(java.lang.Object)'> (0x0000000089b633f8) 
thrown [./open/src/hotspot/share/interpreter/linkResolver.cpp, line 782]
Event: 2.013 Thread 0x00000204a5de7300 Exception <a 'java/io/FileNotFoundException'{0x00000000895f79b0}> (0x00000000895f79b0) 
thrown [./open/src/hotspot/share/prims/jni.cpp, line 578]
Event: 2.014 Thread 0x00000204a5de7300 Exception <a 'java/io/FileNotFoundException'{0x00000000895f9aa0}> (0x00000000895f9aa0) 
thrown [./open/src/hotspot/share/prims/jni.cpp, line 578]
Event: 2.014 Thread 0x00000204a5de7300 Exception <a 'java/io/FileNotFoundException'{0x00000000895fb9b0}> (0x00000000895fb9b0) 
thrown [./open/src/hotspot/share/prims/jni.cpp, line 578]
Event: 2.014 Thread 0x00000204a5de7300 Exception <a 'java/io/FileNotFoundException'{0x00000000895fd8c0}> (0x00000000895fd8c0) 
thrown [./open/src/hotspot/share/prims/jni.cpp, line 578]
Event: 2.015 Thread 0x00000204a5de7300 Exception <a 'java/io/FileNotFoundException'{0x00000000895ff7c0}> (0x00000000895ff7c0) 
thrown [./open/src/hotspot/share/prims/jni.cpp, line 578]
Event: 2.015 Thread 0x00000204a5de7300 Exception <a 'java/io/FileNotFoundException'{0x0000000089401ba8}> (0x0000000089401ba8) 
thrown [./open/src/hotspot/share/prims/jni.cpp, line 578]
Event: 2.024 Thread 0x00000204a5de7300 Exception <a 'java/io/FileNotFoundException'{0x000000008940fa58}> (0x000000008940fa58) 
thrown [./open/src/hotspot/share/prims/jni.cpp, line 578]
Event: 2.025 Thread 0x00000204a5de7300 Exception <a 'java/io/FileNotFoundException'{0x0000000089411958}> (0x0000000089411958) 
thrown [./open/src/hotspot/share/prims/jni.cpp, line 578]
Event: 2.025 Thread 0x00000204a5de7300 Exception <a 'java/io/FileNotFoundException'{0x0000000089413868}> (0x0000000089413868) 
thrown [./open/src/hotspot/share/prims/jni.cpp, line 578]
Event: 2.026 Thread 0x00000204a5de7300 Exception <a 'java/io/FileNotFoundException'{0x0000000089415778}> (0x0000000089415778) 
thrown [./open/src/hotspot/share/prims/jni.cpp, line 578]
Event: 2.026 Thread 0x00000204a5de7300 Exception <a 'java/io/FileNotFoundException'{0x0000000089417678}> (0x0000000089417678) 
thrown [./open/src/hotspot/share/prims/jni.cpp, line 578]
Event: 2.027 Thread 0x00000204a5de7300 Exception <a 'java/io/FileNotFoundException'{0x0000000089419578}> (0x0000000089419578) 
thrown [./open/src/hotspot/share/prims/jni.cpp, line 578]
Event: 8.400 Thread 0x00000204a5de7300 Exception <a 'java/lang/NoSuchMethodError'{0x0000000089232740}: 'int java.lang.invoke.DirectMethodHandle$Holder.invokeStatic(java.lang.Object)'> (0x0000000089232740) 
thrown [./open/src/hotspot/share/interpreter/linkResolver.cpp, line 782]

Events (20 events):
Event: 8.411 loading class javax/swing/plaf/synth/SynthGraphicsUtils$SynthIconWrapper done
Event: 8.412 loading class javax/swing/plaf/nimbus/OptionPanePainter
Event: 8.413 loading class javax/swing/plaf/nimbus/OptionPanePainter done
Event: 8.415 loading class java/awt/geom/EllipseIterator
Event: 8.415 Thread 0x00000204a764d280 Thread added: 0x00000204a764d280
Event: 8.415 loading class java/awt/geom/EllipseIterator done
Event: 8.423 loading class java/awt/geom/Path2D$Float$TxIterator
Event: 8.423 loading class java/awt/geom/Path2D$Iterator
Event: 8.423 loading class java/awt/geom/Path2D$Iterator done
Event: 8.423 loading class java/awt/geom/Path2D$Float$TxIterator done
Event: 8.424 loading class sun/java2d/loops/Blit$GeneralMaskBlit
Event: 8.425 loading class sun/java2d/loops/Blit$GeneralMaskBlit done
Event: 9.149 Thread 0x00000204a764d280 Thread exited: 0x00000204a764d280
Event: 9.648 loading class java/awt/KeyboardFocusManager$2
Event: 9.648 loading class java/awt/KeyboardFocusManager$2 done
Event: 9.648 loading class sun/awt/SunToolkit$1
Event: 9.649 loading class sun/awt/SunToolkit$1 done
Event: 9.682 loading class java/awt/Window$1DisposeAction
Event: 9.683 loading class java/awt/Window$1DisposeAction done
Event: 943.181 loading class java/util/WeakHashMap$KeyIterator


Dynamic libraries:
0x00007ff62ee50000 - 0x00007ff62ee5f000 	C:\Program Files\Java\jdk-15.0.2\bin\java.exe
0x00007ff854d70000 - 0x00007ff854f65000 	C:\WINDOWS\SYSTEM32\ntdll.dll
0x00007ff853ac0000 - 0x00007ff853b7d000 	C:\WINDOWS\System32\KERNEL32.DLL
0x00007ff852910000 - 0x00007ff852bd9000 	C:\WINDOWS\System32\KERNELBASE.dll
0x00007ff852630000 - 0x00007ff852730000 	C:\WINDOWS\System32\ucrtbase.dll
0x00007ff832950000 - 0x00007ff832968000 	C:\Program Files\Java\jdk-15.0.2\bin\jli.dll
0x00007ff837bf0000 - 0x00007ff837c09000 	C:\Program Files\Java\jdk-15.0.2\bin\VCRUNTIME140.dll
0x00007ff854800000 - 0x00007ff8548ac000 	C:\WINDOWS\System32\ADVAPI32.dll
0x00007ff8545b0000 - 0x00007ff85464e000 	C:\WINDOWS\System32\msvcrt.dll
0x00007ff8532b0000 - 0x00007ff85334b000 	C:\WINDOWS\System32\sechost.dll
0x00007ff853660000 - 0x00007ff85378a000 	C:\WINDOWS\System32\RPCRT4.dll
0x00007ff853790000 - 0x00007ff853930000 	C:\WINDOWS\System32\USER32.dll
0x00007ff852840000 - 0x00007ff852862000 	C:\WINDOWS\System32\win32u.dll
0x00007ff83a750000 - 0x00007ff83a9ea000 	C:\WINDOWS\WinSxS\amd64_microsoft.windows.common-controls_6595b64144ccf1df_6.0.19041.1110_none_60b5254171f9507e\COMCTL32.dll
0x00007ff853930000 - 0x00007ff85395a000 	C:\WINDOWS\System32\GDI32.dll
0x00007ff852730000 - 0x00007ff85283b000 	C:\WINDOWS\System32\gdi32full.dll
0x00007ff852870000 - 0x00007ff85290d000 	C:\WINDOWS\System32\msvcp_win.dll
0x00007ff849790000 - 0x00007ff84979a000 	C:\WINDOWS\SYSTEM32\VERSION.dll
0x00007ff8535b0000 - 0x00007ff8535e0000 	C:\WINDOWS\System32\IMM32.DLL
0x00007ff84c560000 - 0x00007ff84c56c000 	C:\Program Files\Java\jdk-15.0.2\bin\vcruntime140_1.dll
0x00007ff832540000 - 0x00007ff8325d1000 	C:\Program Files\Java\jdk-15.0.2\bin\msvcp140.dll
0x00007fffdfe40000 - 0x00007fffe099e000 	C:\Program Files\Java\jdk-15.0.2\bin\server\jvm.dll
0x00007ff853350000 - 0x00007ff853358000 	C:\WINDOWS\System32\PSAPI.DLL
0x00007ff84d5a0000 - 0x00007ff84d5a9000 	C:\WINDOWS\SYSTEM32\WSOCK32.dll
0x00007ff853960000 - 0x00007ff8539cb000 	C:\WINDOWS\System32\WS2_32.dll
0x00007ff83f3e0000 - 0x00007ff83f407000 	C:\WINDOWS\SYSTEM32\WINMM.dll
0x00007ff850d80000 - 0x00007ff850d92000 	C:\WINDOWS\SYSTEM32\kernel.appcore.dll
0x00007ff83a3c0000 - 0x00007ff83a3ca000 	C:\Program Files\Java\jdk-15.0.2\bin\jimage.dll
0x00007ff8502c0000 - 0x00007ff8504a4000 	C:\WINDOWS\SYSTEM32\DBGHELP.DLL
0x00007ff841de0000 - 0x00007ff841e0c000 	C:\WINDOWS\SYSTEM32\dbgcore.DLL
0x00007ff852d40000 - 0x00007ff852dc3000 	C:\WINDOWS\System32\bcryptPrimitives.dll
0x00007ff832710000 - 0x00007ff832735000 	C:\Program Files\Java\jdk-15.0.2\bin\java.dll
0x00007ff853d30000 - 0x00007ff85446f000 	C:\WINDOWS\System32\SHELL32.dll
0x00007ff8504b0000 - 0x00007ff850c40000 	C:\WINDOWS\SYSTEM32\windows.storage.dll
0x00007ff852dd0000 - 0x00007ff853125000 	C:\WINDOWS\System32\combase.dll
0x00007ff851f00000 - 0x00007ff851f2c000 	C:\WINDOWS\SYSTEM32\Wldp.dll
0x00007ff8539d0000 - 0x00007ff853a7e000 	C:\WINDOWS\System32\SHCORE.dll
0x00007ff853c70000 - 0x00007ff853cc5000 	C:\WINDOWS\System32\shlwapi.dll
0x00007ff8523e0000 - 0x00007ff8523ff000 	C:\WINDOWS\SYSTEM32\profapi.dll
0x00007ff8374c0000 - 0x00007ff8374d9000 	C:\Program Files\Java\jdk-15.0.2\bin\net.dll
0x00007ff841a30000 - 0x00007ff841b38000 	C:\WINDOWS\SYSTEM32\WINHTTP.dll
0x00007ff851c60000 - 0x00007ff851cca000 	C:\WINDOWS\system32\mswsock.dll
0x00007ff8326f0000 - 0x00007ff832702000 	C:\Program Files\Java\jdk-15.0.2\bin\nio.dll
0x00007ff8326d0000 - 0x00007ff8326e8000 	C:\Program Files\Java\jdk-15.0.2\bin\zip.dll
0x00007ffffdc90000 - 0x00007ffffde10000 	C:\Program Files\Java\jdk-15.0.2\bin\awt.dll
0x00007ff853130000 - 0x00007ff8531fd000 	C:\WINDOWS\System32\OLEAUT32.dll
0x00007ff84f590000 - 0x00007ff84f620000 	C:\WINDOWS\SYSTEM32\apphelp.dll
0x00007ff84f9b0000 - 0x00007ff84fa4e000 	C:\WINDOWS\system32\uxtheme.dll
0x00007ff853360000 - 0x00007ff853475000 	C:\WINDOWS\System32\MSCTF.dll
0x00007ff853480000 - 0x00007ff8535aa000 	C:\WINDOWS\System32\ole32.dll
0x00007ff84fd30000 - 0x00007ff84fd5f000 	C:\WINDOWS\system32\DWMAPI.DLL
0x00007ff832330000 - 0x00007ff8323b5000 	C:\Program Files\Java\jdk-15.0.2\bin\freetype.dll
0x00007ff832280000 - 0x00007ff832329000 	C:\Program Files\Java\jdk-15.0.2\bin\fontmanager.dll
0x00007ff83ac50000 - 0x00007ff83ad75000 	C:\WINDOWS\system32\opengl32.dll
0x00007ff83adc0000 - 0x00007ff83adec000 	C:\WINDOWS\SYSTEM32\GLU32.dll
0x00007ff853200000 - 0x00007ff8532a9000 	C:\WINDOWS\System32\clbcatq.dll
0x00007ff84ad90000 - 0x00007ff84af44000 	C:\WINDOWS\SYSTEM32\WindowsCodecs.dll
0x00007ff8524a0000 - 0x00007ff8524c7000 	C:\WINDOWS\System32\bcrypt.dll
0x00007ff82d790000 - 0x00007ff82d7ce000 	C:\WINDOWS\system32\dataexchange.dll
0x00007ff84dcc0000 - 0x00007ff84df24000 	C:\WINDOWS\system32\d3d11.dll
0x00007ff84e950000 - 0x00007ff84eb36000 	C:\WINDOWS\system32\dcomp.dll
0x00007ff850da0000 - 0x00007ff850e94000 	C:\WINDOWS\system32\dxgi.dll
0x00007ff84b050000 - 0x00007ff84b251000 	C:\WINDOWS\system32\twinapi.appcore.dll
0x00007ff83d600000 - 0x00007ff83d6f9000 	C:\WINDOWS\SYSTEM32\textinputframework.dll
0x00007ff84f320000 - 0x00007ff84f412000 	C:\WINDOWS\System32\CoreMessaging.dll
0x00007ff84efc0000 - 0x00007ff84f31e000 	C:\WINDOWS\System32\CoreUIComponents.dll
0x00007ff8511a0000 - 0x00007ff8511d3000 	C:\WINDOWS\SYSTEM32\ntmarta.dll
0x00007ff84db60000 - 0x00007ff84dcb4000 	C:\WINDOWS\SYSTEM32\wintypes.dll

dbghelp: loaded successfully - version: 4.0.5 - missing functions: none
symbol engine: initialized successfully - sym options: 0x614 - pdb path: .;C:\Program Files\Java\jdk-15.0.2\bin;C:\WINDOWS\SYSTEM32;C:\WINDOWS\WinSxS\amd64_microsoft.windows.common-controls_6595b64144ccf1df_6.0.19041.1110_none_60b5254171f9507e;C:\Program Files\Java\jdk-15.0.2\bin\server

VM Arguments:
java_command: GYM.Main
java_class_path (initial): C:\Users\HP\Documents\NetBeansProjects\GymManagementSystem\target\classes;C:\Users\HP\.m2\repository\unknown\binary\AbsoluteLayout\SNAPSHOT\AbsoluteLayout-SNAPSHOT.jar;C:\Users\HP\.m2\repository\com\github\rlf\uSkyBlock-API\2.6.4\uSkyBlock-API-2.6.4.jar;C:\Users\HP\.m2\repository\mysql\mysql-connector-java\8.0.26\mysql-connector-java-8.0.26.jar;C:\Users\HP\.m2\repository\com\google\protobuf\protobuf-java\3.11.4\protobuf-java-3.11.4.jar
Launcher Type: SUN_STANDARD

[Global flags]
     intx CICompilerCount                          = 4                                         {product} {ergonomic}
     uint ConcGCThreads                            = 3                                         {product} {ergonomic}
     uint G1ConcRefinementThreads                  = 10                                        {product} {ergonomic}
   size_t G1HeapRegionSize                         = 1048576                                   {product} {ergonomic}
    uintx GCDrainStackTargetSize                   = 64                                        {product} {ergonomic}
   size_t InitialHeapSize                          = 132120576                                 {product} {ergonomic}
   size_t MarkStackSize                            = 4194304                                   {product} {ergonomic}
   size_t MaxHeapSize                              = 2109734912                                {product} {ergonomic}
   size_t MaxNewSize                               = 1265631232                                {product} {ergonomic}
   size_t MinHeapDeltaBytes                        = 1048576                                   {product} {ergonomic}
   size_t MinHeapSize                              = 8388608                                   {product} {ergonomic}
    uintx NonNMethodCodeHeapSize                   = 5839372                                {pd product} {ergonomic}
    uintx NonProfiledCodeHeapSize                  = 122909434                              {pd product} {ergonomic}
    uintx ProfiledCodeHeapSize                     = 122909434                              {pd product} {ergonomic}
    uintx ReservedCodeCacheSize                    = 251658240                              {pd product} {ergonomic}
     bool SegmentedCodeCache                       = true                                      {product} {ergonomic}
   size_t SoftMaxHeapSize                          = 2109734912                             {manageable} {ergonomic}
     bool UseCompressedClassPointers               = true                                 {lp64_product} {ergonomic}
     bool UseCompressedOops                        = true                                 {lp64_product} {ergonomic}
     bool UseG1GC                                  = true                                      {product} {ergonomic}
     bool UseLargePagesIndividualAllocation        = false                                  {pd product} {ergonomic}

Logging:
Log output configuration:
 #0: stdout all=warning uptime,level,tags
 #1: stderr all=off uptime,level,tags

Environment Variables:
JAVA_HOME=C:\Program Files\Java\jdk-15.0.2
PATH=C:\oraclexe\app\oracle\product\11.2.0\server\bin;;C:\Program Files\Common Files\Oracle\Java\javapath;C:\Program Files (x86)\Intel\Intel(R) Management Engine Components\iCLS\;C:\Program Files\Intel\Intel(R) Management Engine Components\iCLS\;C:\windows\system32;C:\windows;C:\windows\System32\Wbem;C:\windows\System32\WindowsPowerShell\v1.0\;C:\windows\System32\OpenSSH\;C:\Program Files (x86)\Intel\Intel(R) Management Engine Components\DAL;C:\Program Files\Intel\Intel(R) Management Engine Components\DAL;C:\Program Files (x86)\Intel\Intel(R) Management Engine Components\IPT;C:\Program Files\Intel\Intel(R) Management Engine Components\IPT;C:\Program Files (x86)\NVIDIA Corporation\PhysX\Common;C:\WINDOWS\system32;C:\WINDOWS;C:\WINDOWS\System32\Wbem;C:\WINDOWS\System32\WindowsPowerShell\v1.0\;C:\WINDOWS\System32\OpenSSH\;C:\Users\HP\AppData\Local\Microsoft\WindowsApps;;C:\Program Files\JetBrains\IntelliJ IDEA Community Edition 2020.2.1\bin;;C:\Users\HP\AppData\Local\Programs\Microsoft VS Code\bin
USERNAME=HP
OS=Windows_NT
PROCESSOR_IDENTIFIER=Intel64 Family 6 Model 158 Stepping 10, GenuineIntel



---------------  S Y S T E M  ---------------

OS:
 Windows 10 , 64 bit Build 19041 (10.0.19041.1151)
OS uptime: 0 days 12:59 hours

CPU: total 12 (initial active 12) (6 cores per cpu, 2 threads per core) family 6 model 158 stepping 10 microcode 0xb4, cmov, cx8, fxsr, mmx, sse, sse2, sse3, ssse3, sse4.1, sse4.2, popcnt, vzeroupper, avx, avx2, aes, clmul, erms, 3dnowpref, lzcnt, ht, tsc, tscinvbit, bmi1, bmi2, adx, fma, clflush, clflushopt

Memory: 4k page, system-wide physical 8046M (243M free)
TotalPageFile size 23151M (AvailPageFile size 0M)
current process WorkingSet (physical memory assigned to process): 91M, peak: 112M
current process commit charge ("private bytes"): 241M, peak: 261M

vm_info: Java HotSpot(TM) 64-Bit Server VM (15.0.2+7-27) for windows-amd64 JRE (15.0.2+7-27), built on Dec  7 2020 20:07:01 by "mach5one" with unknown MS VC++:1925

END.
