#
# There is insufficient memory for the Java Runtime Environment to continue.
# Native memory allocation (malloc) failed to allocate 32744 bytes for ChunkPool::allocate
# Possible reasons:
#   The system is out of physical RAM or swap space
#   The process is running with CompressedOops enabled, and the Java Heap may be blocking the growth of the native heap
# Possible solutions:
#   Reduce memory load on the system
#   Increase physical memory or swap space
#   Check if swap backing store is full
#   Decrease Java heap size (-Xmx/-Xms)
#   Decrease number of Java threads
#   Decrease Java thread stack sizes (-Xss)
#   Set larger code cache with -XX:ReservedCodeCacheSize=
#   JVM is running with Unscaled Compressed Oops mode in which the Java heap is
#     placed in the first 4GB address space. The Java Heap base address is the
#     maximum limit for the native heap growth. Please use -XX:HeapBaseMinAddress
#     to set the Java Heap base and to place the Java Heap above 4GB virtual address.
# This output file may be truncated or incomplete.
#
#  Out of Memory Error (./open/src/hotspot/share/memory/arena.cpp:79), pid=2268, tid=10880
#
# JRE version: Java(TM) SE Runtime Environment (15.0.2+7) (build 15.0.2+7-27)
# Java VM: Java HotSpot(TM) 64-Bit Server VM (15.0.2+7-27, mixed mode, sharing, tiered, compressed oops, g1 gc, windows-amd64)
# No core dump will be written. Minidumps are not enabled by default on client versions of Windows
#

---------------  S U M M A R Y ------------

Command Line: GYM.Main

Host: Intel(R) Core(TM) i7-8750H CPU @ 2.20GHz, 12 cores, 7G,  Windows 10 , 64 bit Build 19041 (10.0.19041.1151)
Time: Tue Aug 17 02:22:59 2021 Egypt Standard Time elapsed time: 248.957240 seconds (0d 0h 4m 8s)

---------------  T H R E A D  ---------------

Current thread (0x000002cd47e42020):  JavaThread "AWT-EventQueue-0" [_thread_in_vm, id=10880, stack(0x000000fd5d800000,0x000000fd5d900000)]

Stack: [0x000000fd5d800000,0x000000fd5d900000]
Native frames: (J=compiled Java code, j=interpreted, Vv=VM code, C=native code)
V  [jvm.dll+0x62ae9a]
V  [jvm.dll+0x7817a9]
V  [jvm.dll+0x782f03]
V  [jvm.dll+0x783563]
V  [jvm.dll+0x216325]
V  [jvm.dll+0x982cf]
V  [jvm.dll+0x9861c]
V  [jvm.dll+0x336317]
V  [jvm.dll+0x705dad]
V  [jvm.dll+0x210ae6]
V  [jvm.dll+0x20d46c]
V  [jvm.dll+0xfe490]
V  [jvm.dll+0xfe85f]
V  [jvm.dll+0x7055f2]
V  [jvm.dll+0x5227bc]
V  [jvm.dll+0x522626]
V  [jvm.dll+0x34cdd7]
C  0x000002cd2f9de9f9

Java frames: (J=compiled Java code, j=interpreted, Vv=VM code)
j  sun.awt.windows.WWindowPeer.displayChanged()V+5 java.desktop@15.0.2
j  sun.awt.SunDisplayChanger.notifyListeners()V+105 java.desktop@15.0.2
j  sun.awt.Win32GraphicsDevice.displayChanged()V+23 java.desktop@15.0.2
j  sun.awt.Win32GraphicsEnvironment.displayChanged()V+198 java.desktop@15.0.2
j  sun.awt.windows.WToolkit.lambda$displayChanged$4()V+15 java.desktop@15.0.2
j  sun.awt.windows.WToolkit$$Lambda$138+0x0000000800cc2998.run()V+0 java.desktop@15.0.2
j  java.awt.event.InvocationEvent.dispatch()V+47 java.desktop@15.0.2
j  java.awt.EventQueue.dispatchEventImpl(Ljava/awt/AWTEvent;Ljava/lang/Object;)V+21 java.desktop@15.0.2
j  java.awt.EventQueue$4.run()Ljava/lang/Void;+32 java.desktop@15.0.2
J 1351 c1 java.awt.EventQueue.dispatchEvent(Ljava/awt/AWTEvent;)V java.desktop@15.0.2 (80 bytes) @ 0x000002cd301acc94 [0x000002cd301ac6e0+0x00000000000005b4]
J 1360 c1 java.awt.EventDispatchThread.pumpOneEventForFilters(I)V java.desktop@15.0.2 (113 bytes) @ 0x000002cd301b301c [0x000002cd301b2980+0x000000000000069c]
j  java.awt.EventDispatchThread.pumpEventsForFilter(ILjava/awt/Conditional;Ljava/awt/EventFilter;)V+35 java.desktop@15.0.2
j  java.awt.EventDispatchThread.pumpEventsForHierarchy(ILjava/awt/Conditional;Ljava/awt/Component;)V+11 java.desktop@15.0.2
j  java.awt.EventDispatchThread.pumpEvents(ILjava/awt/Conditional;)V+4 java.desktop@15.0.2
j  java.awt.EventDispatchThread.pumpEvents(Ljava/awt/Conditional;)V+3 java.desktop@15.0.2
j  java.awt.EventDispatchThread.run()V+9 java.desktop@15.0.2
v  ~StubRoutines::call_stub

---------------  P R O C E S S  ---------------

Threads class SMR info:
_java_thread_list=0x000002cd48479450, length=15, elements={
0x000002cd465f9ee0, 0x000002cd465faab0, 0x000002cd46616ec0, 0x000002cd46619890,
0x000002cd4661a340, 0x000002cd4661c1e0, 0x000002cd4661cd80, 0x000002cd46622180,
0x000002cd47051be0, 0x000002cd4705b810, 0x000002cd4730b4b0, 0x000002cd4730b980,
0x000002cd4730ce60, 0x000002cd47e42020, 0x000002cd27781a20
}

Java Threads: ( => current thread )
  0x000002cd465f9ee0 JavaThread "Reference Handler" daemon [_thread_blocked, id=10024, stack(0x000000fd5ca00000,0x000000fd5cb00000)]
  0x000002cd465faab0 JavaThread "Finalizer" daemon [_thread_blocked, id=16180, stack(0x000000fd5cb00000,0x000000fd5cc00000)]
  0x000002cd46616ec0 JavaThread "Signal Dispatcher" daemon [_thread_blocked, id=11408, stack(0x000000fd5cc00000,0x000000fd5cd00000)]
  0x000002cd46619890 JavaThread "Attach Listener" daemon [_thread_blocked, id=16328, stack(0x000000fd5cd00000,0x000000fd5ce00000)]
  0x000002cd4661a340 JavaThread "Service Thread" daemon [_thread_blocked, id=15620, stack(0x000000fd5ce00000,0x000000fd5cf00000)]
  0x000002cd4661c1e0 JavaThread "C2 CompilerThread0" daemon [_thread_blocked, id=15468, stack(0x000000fd5cf00000,0x000000fd5d000000)]
  0x000002cd4661cd80 JavaThread "C1 CompilerThread0" daemon [_thread_blocked, id=17536, stack(0x000000fd5d000000,0x000000fd5d100000)]
  0x000002cd46622180 JavaThread "Sweeper thread" daemon [_thread_blocked, id=10132, stack(0x000000fd5d100000,0x000000fd5d200000)]
  0x000002cd47051be0 JavaThread "Notification Thread" daemon [_thread_blocked, id=19128, stack(0x000000fd5d200000,0x000000fd5d300000)]
  0x000002cd4705b810 JavaThread "Common-Cleaner" daemon [_thread_blocked, id=19620, stack(0x000000fd5d400000,0x000000fd5d500000)]
  0x000002cd4730b4b0 JavaThread "Java2D Disposer" daemon [_thread_blocked, id=14444, stack(0x000000fd5d500000,0x000000fd5d600000)]
  0x000002cd4730b980 JavaThread "AWT-Shutdown" [_thread_blocked, id=12504, stack(0x000000fd5d600000,0x000000fd5d700000)]
  0x000002cd4730ce60 JavaThread "AWT-Windows" daemon [_thread_in_native, id=18064, stack(0x000000fd5d700000,0x000000fd5d800000)]
=>0x000002cd47e42020 JavaThread "AWT-EventQueue-0" [_thread_in_vm, id=10880, stack(0x000000fd5d800000,0x000000fd5d900000)]
  0x000002cd27781a20 JavaThread "DestroyJavaVM" [_thread_blocked, id=22836, stack(0x000000fd5c300000,0x000000fd5c400000)]

Other Threads:
  0x000002cd465f6650 VMThread "VM Thread" [stack: 0x000000fd5c900000,0x000000fd5ca00000] [id=15748]
  0x000002cd470570e0 WatcherThread [stack: 0x000000fd5d300000,0x000000fd5d400000] [id=8500]
  0x000002cd277c1ed0 GCTaskThread "GC Thread#0" [stack: 0x000000fd5c400000,0x000000fd5c500000] [id=3196]
  0x000002cd277d3bb0 ConcurrentGCThread "G1 Main Marker" [stack: 0x000000fd5c500000,0x000000fd5c600000] [id=20744]
  0x000002cd277d4f40 ConcurrentGCThread "G1 Conc#0" [stack: 0x000000fd5c600000,0x000000fd5c700000] [id=22292]
  0x000002cd27856460 ConcurrentGCThread "G1 Refine#0" [stack: 0x000000fd5c700000,0x000000fd5c800000] [id=10692]
  0x000002cd27857060 ConcurrentGCThread "G1 Young RemSet Sampling" [stack: 0x000000fd5c800000,0x000000fd5c900000] [id=20668]

Threads with active compile tasks:

VM state: not at safepoint (normal execution)

VM Mutex/Monitor currently owned by a thread: None

Heap address: 0x0000000082400000, size: 2012 MB, Compressed Oops mode: 32-bit
CDS archive(s) mapped at: [0x0000000800000000-0x0000000800b50000-0x0000000800b50000), size 11862016, SharedBaseAddress: 0x0000000800000000, ArchiveRelocationMode: 0.
Compressed class space mapped at: 0x0000000800b50000-0x0000000840b50000, size: 1073741824
Narrow klass base: 0x0000000800000000, Narrow klass shift: 3, Narrow klass range: 0x100000000

GC Precious Log:
 CPUs: 12 total, 12 available
 Memory: 8046M
 Large Page Support: Disabled
 NUMA Support: Disabled
 Compressed Oops: Enabled (32-bit)
 Heap Region Size: 1M
 Heap Min Capacity: 8M
 Heap Initial Capacity: 126M
 Heap Max Capacity: 2012M
 Pre-touch: Disabled
 Parallel Workers: 10
 Concurrent Workers: 3
 Concurrent Refinement Workers: 10
 Periodic GC: Disabled

Heap:
 garbage-first heap   total 129024K, used 28672K [0x0000000082400000, 0x0000000100000000)
  region size 1024K, 16 young (16384K), 0 survivors (0K)
 Metaspace       used 11959K, capacity 12137K, committed 12288K, reserved 1060864K
  class space    used 1414K, capacity 1478K, committed 1536K, reserved 1048576K

Heap Regions: E=young(eden), S=young(survivor), O=old, HS=humongous(starts), HC=humongous(continues), CS=collection set, F=free, OA=open archive, CA=closed archive, TAMS=top-at-mark-start (previous, next)
|   0|0x0000000082400000, 0x0000000082500000, 0x0000000082500000|100%|HS|  |TAMS 0x0000000082400000, 0x0000000082400000| Complete 
|   1|0x0000000082500000, 0x0000000082600000, 0x0000000082600000|100%|HC|  |TAMS 0x0000000082500000, 0x0000000082500000| Complete 
|   2|0x0000000082600000, 0x0000000082700000, 0x0000000082700000|100%|HS|  |TAMS 0x0000000082600000, 0x0000000082600000| Complete 
|   3|0x0000000082700000, 0x0000000082800000, 0x0000000082800000|100%|HC|  |TAMS 0x0000000082700000, 0x0000000082700000| Complete 
|   4|0x0000000082800000, 0x0000000082900000, 0x0000000082900000|100%|HC|  |TAMS 0x0000000082800000, 0x0000000082800000| Complete 
|   5|0x0000000082900000, 0x0000000082a00000, 0x0000000082a00000|100%|HC|  |TAMS 0x0000000082900000, 0x0000000082900000| Complete 
|   6|0x0000000082a00000, 0x0000000082b00000, 0x0000000082b00000|100%|HC|  |TAMS 0x0000000082a00000, 0x0000000082a00000| Complete 
|   7|0x0000000082b00000, 0x0000000082c00000, 0x0000000082c00000|100%|HS|  |TAMS 0x0000000082b00000, 0x0000000082b00000| Complete 
|   8|0x0000000082c00000, 0x0000000082d00000, 0x0000000082d00000|100%|HC|  |TAMS 0x0000000082c00000, 0x0000000082c00000| Complete 
|   9|0x0000000082d00000, 0x0000000082e00000, 0x0000000082e00000|100%|HC|  |TAMS 0x0000000082d00000, 0x0000000082d00000| Complete 
|  10|0x0000000082e00000, 0x0000000082f00000, 0x0000000082f00000|100%|HC|  |TAMS 0x0000000082e00000, 0x0000000082e00000| Complete 
|  11|0x0000000082f00000, 0x0000000083000000, 0x0000000083000000|100%|HC|  |TAMS 0x0000000082f00000, 0x0000000082f00000| Complete 
|  12|0x0000000083000000, 0x0000000083100000, 0x0000000083100000|100%|HC|  |TAMS 0x0000000083000000, 0x0000000083000000| Complete 
|  13|0x0000000083100000, 0x0000000083100000, 0x0000000083200000|  0%| F|  |TAMS 0x0000000083100000, 0x0000000083100000| Untracked 
|  14|0x0000000083200000, 0x0000000083200000, 0x0000000083300000|  0%| F|  |TAMS 0x0000000083200000, 0x0000000083200000| Untracked 
|  15|0x0000000083300000, 0x0000000083300000, 0x0000000083400000|  0%| F|  |TAMS 0x0000000083300000, 0x0000000083300000| Untracked 
|  16|0x0000000083400000, 0x0000000083400000, 0x0000000083500000|  0%| F|  |TAMS 0x0000000083400000, 0x0000000083400000| Untracked 
|  17|0x0000000083500000, 0x0000000083500000, 0x0000000083600000|  0%| F|  |TAMS 0x0000000083500000, 0x0000000083500000| Untracked 
|  18|0x0000000083600000, 0x0000000083600000, 0x0000000083700000|  0%| F|  |TAMS 0x0000000083600000, 0x0000000083600000| Untracked 
|  19|0x0000000083700000, 0x0000000083700000, 0x0000000083800000|  0%| F|  |TAMS 0x0000000083700000, 0x0000000083700000| Untracked 
|  20|0x0000000083800000, 0x0000000083800000, 0x0000000083900000|  0%| F|  |TAMS 0x0000000083800000, 0x0000000083800000| Untracked 
|  21|0x0000000083900000, 0x0000000083900000, 0x0000000083a00000|  0%| F|  |TAMS 0x0000000083900000, 0x0000000083900000| Untracked 
|  22|0x0000000083a00000, 0x0000000083a00000, 0x0000000083b00000|  0%| F|  |TAMS 0x0000000083a00000, 0x0000000083a00000| Untracked 
|  23|0x0000000083b00000, 0x0000000083b00000, 0x0000000083c00000|  0%| F|  |TAMS 0x0000000083b00000, 0x0000000083b00000| Untracked 
|  24|0x0000000083c00000, 0x0000000083c00000, 0x0000000083d00000|  0%| F|  |TAMS 0x0000000083c00000, 0x0000000083c00000| Untracked 
|  25|0x0000000083d00000, 0x0000000083d00000, 0x0000000083e00000|  0%| F|  |TAMS 0x0000000083d00000, 0x0000000083d00000| Untracked 
|  26|0x0000000083e00000, 0x0000000083e00000, 0x0000000083f00000|  0%| F|  |TAMS 0x0000000083e00000, 0x0000000083e00000| Untracked 
|  27|0x0000000083f00000, 0x0000000083f00000, 0x0000000084000000|  0%| F|  |TAMS 0x0000000083f00000, 0x0000000083f00000| Untracked 
|  28|0x0000000084000000, 0x0000000084000000, 0x0000000084100000|  0%| F|  |TAMS 0x0000000084000000, 0x0000000084000000| Untracked 
|  29|0x0000000084100000, 0x0000000084100000, 0x0000000084200000|  0%| F|  |TAMS 0x0000000084100000, 0x0000000084100000| Untracked 
|  30|0x0000000084200000, 0x0000000084200000, 0x0000000084300000|  0%| F|  |TAMS 0x0000000084200000, 0x0000000084200000| Untracked 
|  31|0x0000000084300000, 0x0000000084300000, 0x0000000084400000|  0%| F|  |TAMS 0x0000000084300000, 0x0000000084300000| Untracked 
|  32|0x0000000084400000, 0x0000000084400000, 0x0000000084500000|  0%| F|  |TAMS 0x0000000084400000, 0x0000000084400000| Untracked 
|  33|0x0000000084500000, 0x0000000084500000, 0x0000000084600000|  0%| F|  |TAMS 0x0000000084500000, 0x0000000084500000| Untracked 
|  34|0x0000000084600000, 0x0000000084600000, 0x0000000084700000|  0%| F|  |TAMS 0x0000000084600000, 0x0000000084600000| Untracked 
|  35|0x0000000084700000, 0x0000000084700000, 0x0000000084800000|  0%| F|  |TAMS 0x0000000084700000, 0x0000000084700000| Untracked 
|  36|0x0000000084800000, 0x0000000084800000, 0x0000000084900000|  0%| F|  |TAMS 0x0000000084800000, 0x0000000084800000| Untracked 
|  37|0x0000000084900000, 0x0000000084900000, 0x0000000084a00000|  0%| F|  |TAMS 0x0000000084900000, 0x0000000084900000| Untracked 
|  38|0x0000000084a00000, 0x0000000084a00000, 0x0000000084b00000|  0%| F|  |TAMS 0x0000000084a00000, 0x0000000084a00000| Untracked 
|  39|0x0000000084b00000, 0x0000000084b00000, 0x0000000084c00000|  0%| F|  |TAMS 0x0000000084b00000, 0x0000000084b00000| Untracked 
|  40|0x0000000084c00000, 0x0000000084c00000, 0x0000000084d00000|  0%| F|  |TAMS 0x0000000084c00000, 0x0000000084c00000| Untracked 
|  41|0x0000000084d00000, 0x0000000084d00000, 0x0000000084e00000|  0%| F|  |TAMS 0x0000000084d00000, 0x0000000084d00000| Untracked 
|  42|0x0000000084e00000, 0x0000000084e00000, 0x0000000084f00000|  0%| F|  |TAMS 0x0000000084e00000, 0x0000000084e00000| Untracked 
|  43|0x0000000084f00000, 0x0000000084f00000, 0x0000000085000000|  0%| F|  |TAMS 0x0000000084f00000, 0x0000000084f00000| Untracked 
|  44|0x0000000085000000, 0x0000000085000000, 0x0000000085100000|  0%| F|  |TAMS 0x0000000085000000, 0x0000000085000000| Untracked 
|  45|0x0000000085100000, 0x0000000085100000, 0x0000000085200000|  0%| F|  |TAMS 0x0000000085100000, 0x0000000085100000| Untracked 
|  46|0x0000000085200000, 0x0000000085200000, 0x0000000085300000|  0%| F|  |TAMS 0x0000000085200000, 0x0000000085200000| Untracked 
|  47|0x0000000085300000, 0x0000000085300000, 0x0000000085400000|  0%| F|  |TAMS 0x0000000085300000, 0x0000000085300000| Untracked 
|  48|0x0000000085400000, 0x0000000085400000, 0x0000000085500000|  0%| F|  |TAMS 0x0000000085400000, 0x0000000085400000| Untracked 
|  49|0x0000000085500000, 0x0000000085500000, 0x0000000085600000|  0%| F|  |TAMS 0x0000000085500000, 0x0000000085500000| Untracked 
|  50|0x0000000085600000, 0x0000000085600000, 0x0000000085700000|  0%| F|  |TAMS 0x0000000085600000, 0x0000000085600000| Untracked 
|  51|0x0000000085700000, 0x0000000085700000, 0x0000000085800000|  0%| F|  |TAMS 0x0000000085700000, 0x0000000085700000| Untracked 
|  52|0x0000000085800000, 0x0000000085800000, 0x0000000085900000|  0%| F|  |TAMS 0x0000000085800000, 0x0000000085800000| Untracked 
|  53|0x0000000085900000, 0x0000000085900000, 0x0000000085a00000|  0%| F|  |TAMS 0x0000000085900000, 0x0000000085900000| Untracked 
|  54|0x0000000085a00000, 0x0000000085a00000, 0x0000000085b00000|  0%| F|  |TAMS 0x0000000085a00000, 0x0000000085a00000| Untracked 
|  55|0x0000000085b00000, 0x0000000085b00000, 0x0000000085c00000|  0%| F|  |TAMS 0x0000000085b00000, 0x0000000085b00000| Untracked 
|  56|0x0000000085c00000, 0x0000000085c00000, 0x0000000085d00000|  0%| F|  |TAMS 0x0000000085c00000, 0x0000000085c00000| Untracked 
|  57|0x0000000085d00000, 0x0000000085d00000, 0x0000000085e00000|  0%| F|  |TAMS 0x0000000085d00000, 0x0000000085d00000| Untracked 
|  58|0x0000000085e00000, 0x0000000085e00000, 0x0000000085f00000|  0%| F|  |TAMS 0x0000000085e00000, 0x0000000085e00000| Untracked 
|  59|0x0000000085f00000, 0x0000000085f00000, 0x0000000086000000|  0%| F|  |TAMS 0x0000000085f00000, 0x0000000085f00000| Untracked 
|  60|0x0000000086000000, 0x0000000086000000, 0x0000000086100000|  0%| F|  |TAMS 0x0000000086000000, 0x0000000086000000| Untracked 
|  61|0x0000000086100000, 0x0000000086100000, 0x0000000086200000|  0%| F|  |TAMS 0x0000000086100000, 0x0000000086100000| Untracked 
|  62|0x0000000086200000, 0x0000000086200000, 0x0000000086300000|  0%| F|  |TAMS 0x0000000086200000, 0x0000000086200000| Untracked 
|  63|0x0000000086300000, 0x0000000086300000, 0x0000000086400000|  0%| F|  |TAMS 0x0000000086300000, 0x0000000086300000| Untracked 
|  64|0x0000000086400000, 0x0000000086400000, 0x0000000086500000|  0%| F|  |TAMS 0x0000000086400000, 0x0000000086400000| Untracked 
|  65|0x0000000086500000, 0x0000000086500000, 0x0000000086600000|  0%| F|  |TAMS 0x0000000086500000, 0x0000000086500000| Untracked 
|  66|0x0000000086600000, 0x0000000086600000, 0x0000000086700000|  0%| F|  |TAMS 0x0000000086600000, 0x0000000086600000| Untracked 
|  67|0x0000000086700000, 0x0000000086700000, 0x0000000086800000|  0%| F|  |TAMS 0x0000000086700000, 0x0000000086700000| Untracked 
|  68|0x0000000086800000, 0x0000000086800000, 0x0000000086900000|  0%| F|  |TAMS 0x0000000086800000, 0x0000000086800000| Untracked 
|  69|0x0000000086900000, 0x0000000086900000, 0x0000000086a00000|  0%| F|  |TAMS 0x0000000086900000, 0x0000000086900000| Untracked 
|  70|0x0000000086a00000, 0x0000000086a00000, 0x0000000086b00000|  0%| F|  |TAMS 0x0000000086a00000, 0x0000000086a00000| Untracked 
|  71|0x0000000086b00000, 0x0000000086b00000, 0x0000000086c00000|  0%| F|  |TAMS 0x0000000086b00000, 0x0000000086b00000| Untracked 
|  72|0x0000000086c00000, 0x0000000086c00000, 0x0000000086d00000|  0%| F|  |TAMS 0x0000000086c00000, 0x0000000086c00000| Untracked 
|  73|0x0000000086d00000, 0x0000000086d00000, 0x0000000086e00000|  0%| F|  |TAMS 0x0000000086d00000, 0x0000000086d00000| Untracked 
|  74|0x0000000086e00000, 0x0000000086e00000, 0x0000000086f00000|  0%| F|  |TAMS 0x0000000086e00000, 0x0000000086e00000| Untracked 
|  75|0x0000000086f00000, 0x0000000086f00000, 0x0000000087000000|  0%| F|  |TAMS 0x0000000086f00000, 0x0000000086f00000| Untracked 
|  76|0x0000000087000000, 0x0000000087000000, 0x0000000087100000|  0%| F|  |TAMS 0x0000000087000000, 0x0000000087000000| Untracked 
|  77|0x0000000087100000, 0x0000000087100000, 0x0000000087200000|  0%| F|  |TAMS 0x0000000087100000, 0x0000000087100000| Untracked 
|  78|0x0000000087200000, 0x0000000087200000, 0x0000000087300000|  0%| F|  |TAMS 0x0000000087200000, 0x0000000087200000| Untracked 
|  79|0x0000000087300000, 0x0000000087300000, 0x0000000087400000|  0%| F|  |TAMS 0x0000000087300000, 0x0000000087300000| Untracked 
|  80|0x0000000087400000, 0x0000000087400000, 0x0000000087500000|  0%| F|  |TAMS 0x0000000087400000, 0x0000000087400000| Untracked 
|  81|0x0000000087500000, 0x0000000087500000, 0x0000000087600000|  0%| F|  |TAMS 0x0000000087500000, 0x0000000087500000| Untracked 
|  82|0x0000000087600000, 0x0000000087600000, 0x0000000087700000|  0%| F|  |TAMS 0x0000000087600000, 0x0000000087600000| Untracked 
|  83|0x0000000087700000, 0x0000000087700000, 0x0000000087800000|  0%| F|  |TAMS 0x0000000087700000, 0x0000000087700000| Untracked 
|  84|0x0000000087800000, 0x0000000087800000, 0x0000000087900000|  0%| F|  |TAMS 0x0000000087800000, 0x0000000087800000| Untracked 
|  85|0x0000000087900000, 0x0000000087900000, 0x0000000087a00000|  0%| F|  |TAMS 0x0000000087900000, 0x0000000087900000| Untracked 
|  86|0x0000000087a00000, 0x0000000087a00000, 0x0000000087b00000|  0%| F|  |TAMS 0x0000000087a00000, 0x0000000087a00000| Untracked 
|  87|0x0000000087b00000, 0x0000000087b00000, 0x0000000087c00000|  0%| F|  |TAMS 0x0000000087b00000, 0x0000000087b00000| Untracked 
|  88|0x0000000087c00000, 0x0000000087c00000, 0x0000000087d00000|  0%| F|  |TAMS 0x0000000087c00000, 0x0000000087c00000| Untracked 
|  89|0x0000000087d00000, 0x0000000087d00000, 0x0000000087e00000|  0%| F|  |TAMS 0x0000000087d00000, 0x0000000087d00000| Untracked 
|  90|0x0000000087e00000, 0x0000000087e00000, 0x0000000087f00000|  0%| F|  |TAMS 0x0000000087e00000, 0x0000000087e00000| Untracked 
|  91|0x0000000087f00000, 0x0000000087f00000, 0x0000000088000000|  0%| F|  |TAMS 0x0000000087f00000, 0x0000000087f00000| Untracked 
|  92|0x0000000088000000, 0x0000000088000000, 0x0000000088100000|  0%| F|  |TAMS 0x0000000088000000, 0x0000000088000000| Untracked 
|  93|0x0000000088100000, 0x0000000088100000, 0x0000000088200000|  0%| F|  |TAMS 0x0000000088100000, 0x0000000088100000| Untracked 
|  94|0x0000000088200000, 0x0000000088200000, 0x0000000088300000|  0%| F|  |TAMS 0x0000000088200000, 0x0000000088200000| Untracked 
|  95|0x0000000088300000, 0x0000000088300000, 0x0000000088400000|  0%| F|  |TAMS 0x0000000088300000, 0x0000000088300000| Untracked 
|  96|0x0000000088400000, 0x0000000088400000, 0x0000000088500000|  0%| F|  |TAMS 0x0000000088400000, 0x0000000088400000| Untracked 
|  97|0x0000000088500000, 0x0000000088500000, 0x0000000088600000|  0%| F|  |TAMS 0x0000000088500000, 0x0000000088500000| Untracked 
|  98|0x0000000088600000, 0x0000000088600000, 0x0000000088700000|  0%| F|  |TAMS 0x0000000088600000, 0x0000000088600000| Untracked 
|  99|0x0000000088700000, 0x0000000088700000, 0x0000000088800000|  0%| F|  |TAMS 0x0000000088700000, 0x0000000088700000| Untracked 
| 100|0x0000000088800000, 0x0000000088800000, 0x0000000088900000|  0%| F|  |TAMS 0x0000000088800000, 0x0000000088800000| Untracked 
| 101|0x0000000088900000, 0x0000000088900000, 0x0000000088a00000|  0%| F|  |TAMS 0x0000000088900000, 0x0000000088900000| Untracked 
| 102|0x0000000088a00000, 0x0000000088a00000, 0x0000000088b00000|  0%| F|  |TAMS 0x0000000088a00000, 0x0000000088a00000| Untracked 
| 103|0x0000000088b00000, 0x0000000088b00000, 0x0000000088c00000|  0%| F|  |TAMS 0x0000000088b00000, 0x0000000088b00000| Untracked 
| 104|0x0000000088c00000, 0x0000000088c00000, 0x0000000088d00000|  0%| F|  |TAMS 0x0000000088c00000, 0x0000000088c00000| Untracked 
| 105|0x0000000088d00000, 0x0000000088d00000, 0x0000000088e00000|  0%| F|  |TAMS 0x0000000088d00000, 0x0000000088d00000| Untracked 
| 106|0x0000000088e00000, 0x0000000088e00000, 0x0000000088f00000|  0%| F|  |TAMS 0x0000000088e00000, 0x0000000088e00000| Untracked 
| 107|0x0000000088f00000, 0x0000000088f00000, 0x0000000089000000|  0%| F|  |TAMS 0x0000000088f00000, 0x0000000088f00000| Untracked 
| 108|0x0000000089000000, 0x0000000089000000, 0x0000000089100000|  0%| F|  |TAMS 0x0000000089000000, 0x0000000089000000| Untracked 
| 109|0x0000000089100000, 0x0000000089100000, 0x0000000089200000|  0%| F|  |TAMS 0x0000000089100000, 0x0000000089100000| Untracked 
| 110|0x0000000089200000, 0x00000000892ec0b8, 0x0000000089300000| 92%| E|  |TAMS 0x0000000089200000, 0x0000000089200000| Complete 
| 111|0x0000000089300000, 0x0000000089400000, 0x0000000089400000|100%| E|CS|TAMS 0x0000000089300000, 0x0000000089300000| Complete 
| 112|0x0000000089400000, 0x0000000089500000, 0x0000000089500000|100%| E|CS|TAMS 0x0000000089400000, 0x0000000089400000| Complete 
| 113|0x0000000089500000, 0x0000000089600000, 0x0000000089600000|100%| E|CS|TAMS 0x0000000089500000, 0x0000000089500000| Complete 
| 114|0x0000000089600000, 0x0000000089700000, 0x0000000089700000|100%| E|CS|TAMS 0x0000000089600000, 0x0000000089600000| Complete 
| 115|0x0000000089700000, 0x0000000089800000, 0x0000000089800000|100%| E|CS|TAMS 0x0000000089700000, 0x0000000089700000| Complete 
| 116|0x0000000089800000, 0x0000000089900000, 0x0000000089900000|100%| E|CS|TAMS 0x0000000089800000, 0x0000000089800000| Complete 
| 117|0x0000000089900000, 0x0000000089a00000, 0x0000000089a00000|100%| E|CS|TAMS 0x0000000089900000, 0x0000000089900000| Complete 
| 118|0x0000000089a00000, 0x0000000089b00000, 0x0000000089b00000|100%| E|CS|TAMS 0x0000000089a00000, 0x0000000089a00000| Complete 
| 119|0x0000000089b00000, 0x0000000089c00000, 0x0000000089c00000|100%| E|CS|TAMS 0x0000000089b00000, 0x0000000089b00000| Complete 
| 120|0x0000000089c00000, 0x0000000089d00000, 0x0000000089d00000|100%| E|CS|TAMS 0x0000000089c00000, 0x0000000089c00000| Complete 
| 121|0x0000000089d00000, 0x0000000089e00000, 0x0000000089e00000|100%| E|CS|TAMS 0x0000000089d00000, 0x0000000089d00000| Complete 
| 122|0x0000000089e00000, 0x0000000089f00000, 0x0000000089f00000|100%| E|CS|TAMS 0x0000000089e00000, 0x0000000089e00000| Complete 
| 123|0x0000000089f00000, 0x000000008a000000, 0x000000008a000000|100%| E|CS|TAMS 0x0000000089f00000, 0x0000000089f00000| Complete 
| 124|0x000000008a000000, 0x000000008a100000, 0x000000008a100000|100%| E|CS|TAMS 0x000000008a000000, 0x000000008a000000| Complete 
| 125|0x000000008a100000, 0x000000008a200000, 0x000000008a200000|100%| E|CS|TAMS 0x000000008a100000, 0x000000008a100000| Complete 

Card table byte_map: [0x000002cd3f300000,0x000002cd3f6f0000] _byte_map_base: 0x000002cd3eeee000

Marking Bits (Prev, Next): (CMBitMap*) 0x000002cd277c36d0, (CMBitMap*) 0x000002cd277c3710
 Prev Bits: [0x000002cd3fae0000, 0x000002cd41a50000)
 Next Bits: [0x000002cd41a50000, 0x000002cd439c0000)

Polling page: 0x000002cd256f0000

Metaspace:

Usage:
  Non-class:     10.41 MB capacity,    10.30 MB ( 99%) used,    98.82 KB ( <1%) free+waste,    15.00 KB ( <1%) overhead. 
      Class:      1.44 MB capacity,     1.38 MB ( 96%) used,    57.62 KB (  4%) free+waste,     6.06 KB ( <1%) overhead. 
       Both:     11.85 MB capacity,    11.68 MB ( 99%) used,   156.44 KB (  1%) free+waste,    21.06 KB ( <1%) overhead. 

Virtual space:
  Non-class space:       12.00 MB reserved,      10.50 MB ( 88%) committed 
      Class space:        1.00 GB reserved,       1.50 MB ( <1%) committed 
             Both:        1.01 GB reserved,      12.00 MB (  1%) committed 

Chunk freelists:
   Non-Class:  29.00 KB
       Class:  26.00 KB
        Both:  55.00 KB

MaxMetaspaceSize: 17179869184.00 GB
CompressedClassSpaceSize: 1.00 GB

CodeHeap 'non-profiled nmethods': size=120000Kb used=575Kb max_used=575Kb free=119424Kb
 bounds [0x000002cd37490000, 0x000002cd37700000, 0x000002cd3e9c0000]
CodeHeap 'profiled nmethods': size=120000Kb used=2459Kb max_used=2459Kb free=117540Kb
 bounds [0x000002cd2ff60000, 0x000002cd301d0000, 0x000002cd37490000]
CodeHeap 'non-nmethods': size=5760Kb used=1320Kb max_used=1388Kb free=4439Kb
 bounds [0x000002cd2f9c0000, 0x000002cd2fc30000, 0x000002cd2ff60000]
 total_blobs=2015 nmethods=1389 adapters=539
 compilation: enabled
              stopped_count=0, restarted_count=0
 full_count=0

Compilation events (20 events):
Event: 7.003 Thread 0x000002cd4661cd80 nmethod 1376 0x000002cd3751e790 code [0x000002cd3751e920, 0x000002cd3751e9d8]
Event: 7.014 Thread 0x000002cd4661cd80 1377       3       java.util.LinkedList::checkPositionIndex (22 bytes)
Event: 7.016 Thread 0x000002cd4661cd80 nmethod 1377 0x000002cd301bde10 code [0x000002cd301be060, 0x000002cd301be748]
Event: 7.016 Thread 0x000002cd4661cd80 1378       3       java.util.LinkedList::isPositionIndex (18 bytes)
Event: 7.016 Thread 0x000002cd4661cd80 nmethod 1378 0x000002cd301bea10 code [0x000002cd301beba0, 0x000002cd301bed38]
Event: 7.016 Thread 0x000002cd4661cd80 1379       3       java.util.LinkedList::listIterator (15 bytes)
Event: 7.018 Thread 0x000002cd4661cd80 nmethod 1379 0x000002cd301bee10 code [0x000002cd301bf000, 0x000002cd301bf408]
Event: 7.018 Thread 0x000002cd4661cd80 1380       3       java.util.LinkedList$ListItr::<init> (47 bytes)
Event: 7.019 Thread 0x000002cd4661cd80 nmethod 1380 0x000002cd301bf590 code [0x000002cd301bf740, 0x000002cd301bfa28]
Event: 7.019 Thread 0x000002cd4661cd80 1381       1       sun.util.locale.BaseLocale::getRegion (5 bytes)
Event: 7.019 Thread 0x000002cd4661cd80 nmethod 1381 0x000002cd3751ea90 code [0x000002cd3751ec20, 0x000002cd3751ecd8]
Event: 7.020 Thread 0x000002cd4661cd80 1382       3       java.awt.Container::adjustDescendants (21 bytes)
Event: 7.021 Thread 0x000002cd4661cd80 nmethod 1382 0x000002cd301bfb10 code [0x000002cd301bfcc0, 0x000002cd301bfee8]
Event: 7.021 Thread 0x000002cd4661cd80 1383       3       java.awt.Container::getListenersCount (52 bytes)
Event: 7.022 Thread 0x000002cd4661cd80 nmethod 1383 0x000002cd301bff90 code [0x000002cd301c0160, 0x000002cd301c0598]
Event: 7.175 Thread 0x000002cd4661cd80 1384       3       sun.awt.SunToolkit::setSystemGenerated (10 bytes)
Event: 7.176 Thread 0x000002cd4661cd80 nmethod 1384 0x000002cd301c0710 code [0x000002cd301c0900, 0x000002cd301c0de8]
Event: 7.176 Thread 0x000002cd4661cd80 1385       3       java.awt.AWTEvent$1::setSystemGenerated (6 bytes)
Event: 7.176 Thread 0x000002cd4661cd80 nmethod 1385 0x000002cd301c1090 code [0x000002cd301c1220, 0x000002cd301c1338]
Event: 248.944 Thread 0x000002cd4661cd80 1386       3       java.lang.invoke.TypeConvertingMethodAdapter::convertType (299 bytes)

GC Heap History (0 events):
No events

Deoptimization events (20 events):
Event: 5.564 Thread 0x000002cd47e42020 Uncommon trap: trap_request=0xffffff76 fr.pc=0x000002cd374f4528 relative=0x0000000000000548
Event: 5.564 Thread 0x000002cd47e42020 Uncommon trap: reason=predicate action=maybe_recompile pc=0x000002cd374f4528 method=java.awt.LinearGradientPaintContext.fillRaster([IIIIIII)V @ 53 c2
Event: 5.564 Thread 0x000002cd47e42020 DEOPT PACKING pc=0x000002cd374f4528 sp=0x000000fd5d8fb400
Event: 5.564 Thread 0x000002cd47e42020 DEOPT UNPACKING pc=0x000002cd2fa0e42f sp=0x000000fd5d8fb378 mode 2
Event: 5.564 Thread 0x000002cd47e42020 Uncommon trap: trap_request=0xffffff45 fr.pc=0x000002cd374e2cf4 relative=0x0000000000000294
Event: 5.564 Thread 0x000002cd47e42020 Uncommon trap: reason=unstable_if action=reinterpret pc=0x000002cd374e2cf4 method=java.awt.MultipleGradientPaintContext.indexIntoGradientsArrays(F)I @ 93 c2
Event: 5.564 Thread 0x000002cd47e42020 DEOPT PACKING pc=0x000002cd374e2cf4 sp=0x000000fd5d8fb350
Event: 5.564 Thread 0x000002cd47e42020 DEOPT UNPACKING pc=0x000002cd2fa0e42f sp=0x000000fd5d8fb2e8 mode 2
Event: 5.565 Thread 0x000002cd47e42020 Uncommon trap: trap_request=0xffffff45 fr.pc=0x000002cd374f344c relative=0x000000000000096c
Event: 5.565 Thread 0x000002cd47e42020 Uncommon trap: reason=unstable_if action=reinterpret pc=0x000002cd374f344c method=java.awt.MultipleGradientPaintContext.indexIntoGradientsArrays(F)I @ 93 c2
Event: 5.565 Thread 0x000002cd47e42020 DEOPT PACKING pc=0x000002cd374f344c sp=0x000000fd5d8fb3e0
Event: 5.565 Thread 0x000002cd47e42020 DEOPT UNPACKING pc=0x000002cd2fa0e42f sp=0x000000fd5d8fb2f0 mode 2
Event: 5.591 Thread 0x000002cd47e42020 DEOPT PACKING pc=0x000002cd3014c665 sp=0x000000fd5d8fbea0
Event: 5.591 Thread 0x000002cd47e42020 DEOPT UNPACKING pc=0x000002cd2fa0e23f sp=0x000000fd5d8fb2a0 mode 0
Event: 5.591 Thread 0x000002cd47e42020 DEOPT PACKING pc=0x000002cd30198f4c sp=0x000000fd5d8fbd00
Event: 5.591 Thread 0x000002cd47e42020 DEOPT UNPACKING pc=0x000002cd2fa0e23f sp=0x000000fd5d8fb0e0 mode 0
Event: 6.868 Thread 0x000002cd47e42020 DEOPT PACKING pc=0x000002cd3019901d sp=0x000000fd5d8fbd90
Event: 6.868 Thread 0x000002cd47e42020 DEOPT UNPACKING pc=0x000002cd2fa0e23f sp=0x000000fd5d8fb170 mode 0
Event: 6.869 Thread 0x000002cd47e42020 DEOPT PACKING pc=0x000002cd30168f7c sp=0x000000fd5d8fbf00
Event: 6.869 Thread 0x000002cd47e42020 DEOPT UNPACKING pc=0x000002cd2fa0e23f sp=0x000000fd5d8fb320 mode 0

Classes unloaded (0 events):
No events

Classes redefined (0 events):
No events

Internal exceptions (20 events):
Event: 0.831 Thread 0x000002cd27781a20 Exception <a 'java/lang/ClassNotFoundException'{0x0000000089d2e610}: TreeCell> (0x0000000089d2e610) 
thrown [./open/src/hotspot/share/classfile/systemDictionary.cpp, line 295]
Event: 0.832 Thread 0x000002cd27781a20 Exception <a 'java/lang/ClassNotFoundException'{0x0000000089d2edd0}: RootPane> (0x0000000089d2edd0) 
thrown [./open/src/hotspot/share/classfile/systemDictionary.cpp, line 295]
Event: 0.837 Thread 0x000002cd27781a20 Exception <a 'java/lang/ClassNotFoundException'{0x0000000089d31c20}: com/sun/swing/internal/plaf/metal/resources/spi/metalProvider> (0x0000000089d31c20) 
thrown [./open/src/hotspot/share/classfile/systemDictionary.cpp, line 295]
Event: 0.840 Thread 0x000002cd27781a20 Exception <a 'java/lang/ClassNotFoundException'{0x0000000089d35c38}: com/sun/swing/internal/plaf/basic/resources/spi/basicProvider> (0x0000000089d35c38) 
thrown [./open/src/hotspot/share/classfile/systemDictionary.cpp, line 295]
Event: 0.900 Thread 0x000002cd47e42020 Exception <a 'java/lang/ClassNotFoundException'{0x0000000089c0cb18}: com/sun/swing/internal/plaf/synth/resources/spi/synthProvider> (0x0000000089c0cb18) 
thrown [./open/src/hotspot/share/classfile/systemDictionary.cpp, line 295]
Event: 1.194 Thread 0x000002cd480aaf00 Exception <a 'java/lang/NoSuchMethodError'{0x0000000089b85138}: 'java.lang.Object java.lang.invoke.DirectMethodHandle$Holder.newInvokeSpecial(java.lang.Object, java.lang.Object, java.lang.Object, int, int, int, int, int)'> (0x0000000089b85138) 
thrown [./open/src/hotspot/share/interpreter/linkResolver.cpp, line 782]
Event: 1.746 Thread 0x000002cd47e42020 Exception <a 'java/lang/NoSuchMethodError'{0x0000000089b633f8}: 'void java.lang.invoke.DirectMethodHandle$Holder.invokeStaticInit(java.lang.Object)'> (0x0000000089b633f8) 
thrown [./open/src/hotspot/share/interpreter/linkResolver.cpp, line 782]
Event: 2.012 Thread 0x000002cd47e42020 Exception <a 'java/io/FileNotFoundException'{0x00000000895f7c68}> (0x00000000895f7c68) 
thrown [./open/src/hotspot/share/prims/jni.cpp, line 578]
Event: 2.013 Thread 0x000002cd47e42020 Exception <a 'java/io/FileNotFoundException'{0x00000000895f9d58}> (0x00000000895f9d58) 
thrown [./open/src/hotspot/share/prims/jni.cpp, line 578]
Event: 2.013 Thread 0x000002cd47e42020 Exception <a 'java/io/FileNotFoundException'{0x00000000895fbc68}> (0x00000000895fbc68) 
thrown [./open/src/hotspot/share/prims/jni.cpp, line 578]
Event: 2.014 Thread 0x000002cd47e42020 Exception <a 'java/io/FileNotFoundException'{0x00000000895fdb78}> (0x00000000895fdb78) 
thrown [./open/src/hotspot/share/prims/jni.cpp, line 578]
Event: 2.014 Thread 0x000002cd47e42020 Exception <a 'java/io/FileNotFoundException'{0x00000000895ffa78}> (0x00000000895ffa78) 
thrown [./open/src/hotspot/share/prims/jni.cpp, line 578]
Event: 2.014 Thread 0x000002cd47e42020 Exception <a 'java/io/FileNotFoundException'{0x0000000089401e78}> (0x0000000089401e78) 
thrown [./open/src/hotspot/share/prims/jni.cpp, line 578]
Event: 2.021 Thread 0x000002cd47e42020 Exception <a 'java/io/FileNotFoundException'{0x000000008940fd28}> (0x000000008940fd28) 
thrown [./open/src/hotspot/share/prims/jni.cpp, line 578]
Event: 2.021 Thread 0x000002cd47e42020 Exception <a 'java/io/FileNotFoundException'{0x0000000089411c28}> (0x0000000089411c28) 
thrown [./open/src/hotspot/share/prims/jni.cpp, line 578]
Event: 2.022 Thread 0x000002cd47e42020 Exception <a 'java/io/FileNotFoundException'{0x0000000089413b38}> (0x0000000089413b38) 
thrown [./open/src/hotspot/share/prims/jni.cpp, line 578]
Event: 2.022 Thread 0x000002cd47e42020 Exception <a 'java/io/FileNotFoundException'{0x0000000089415a48}> (0x0000000089415a48) 
thrown [./open/src/hotspot/share/prims/jni.cpp, line 578]
Event: 2.022 Thread 0x000002cd47e42020 Exception <a 'java/io/FileNotFoundException'{0x0000000089417948}> (0x0000000089417948) 
thrown [./open/src/hotspot/share/prims/jni.cpp, line 578]
Event: 2.023 Thread 0x000002cd47e42020 Exception <a 'java/io/FileNotFoundException'{0x0000000089419848}> (0x0000000089419848) 
thrown [./open/src/hotspot/share/prims/jni.cpp, line 578]
Event: 5.547 Thread 0x000002cd47e42020 Exception <a 'java/lang/NoSuchMethodError'{0x000000008921b090}: 'int java.lang.invoke.DirectMethodHandle$Holder.invokeStatic(java.lang.Object)'> (0x000000008921b090) 
thrown [./open/src/hotspot/share/interpreter/linkResolver.cpp, line 782]

Events (20 events):
Event: 5.574 loading class java/awt/geom/Path2D$Iterator
Event: 5.574 loading class java/awt/geom/Path2D$Iterator done
Event: 5.574 loading class java/awt/geom/Path2D$Float$TxIterator done
Event: 5.575 loading class sun/java2d/loops/Blit$GeneralMaskBlit
Event: 5.576 loading class sun/java2d/loops/Blit$GeneralMaskBlit done
Event: 6.550 Executing VM operation: HandshakeAllThreads
Event: 6.550 Executing VM operation: HandshakeAllThreads done
Event: 6.693 Thread 0x000002cd480aaf00 Thread exited: 0x000002cd480aaf00
Event: 6.932 loading class java/awt/KeyboardFocusManager$2
Event: 6.932 loading class java/awt/KeyboardFocusManager$2 done
Event: 6.933 loading class sun/awt/SunToolkit$1
Event: 6.933 loading class sun/awt/SunToolkit$1 done
Event: 6.965 loading class java/awt/Window$1DisposeAction
Event: 6.966 loading class java/awt/Window$1DisposeAction done
Event: 7.564 Executing VM operation: HandshakeAllThreads
Event: 7.565 Executing VM operation: HandshakeAllThreads done
Event: 248.945 loading class java/util/WeakHashMap$KeyIterator
Event: 248.946 loading class java/util/WeakHashMap$HashIterator
Event: 248.948 loading class java/util/WeakHashMap$HashIterator done
Event: 248.948 loading class java/util/WeakHashMap$KeyIterator done


Dynamic libraries:
0x00007ff62ee50000 - 0x00007ff62ee5f000 	C:\Program Files\Java\jdk-15.0.2\bin\java.exe
0x00007ff854d70000 - 0x00007ff854f65000 	C:\WINDOWS\SYSTEM32\ntdll.dll
0x00007ff853ac0000 - 0x00007ff853b7d000 	C:\WINDOWS\System32\KERNEL32.DLL
0x00007ff852910000 - 0x00007ff852bd9000 	C:\WINDOWS\System32\KERNELBASE.dll
0x00007ff852630000 - 0x00007ff852730000 	C:\WINDOWS\System32\ucrtbase.dll
0x00007ff832950000 - 0x00007ff832968000 	C:\Program Files\Java\jdk-15.0.2\bin\jli.dll
0x00007ff837bf0000 - 0x00007ff837c09000 	C:\Program Files\Java\jdk-15.0.2\bin\VCRUNTIME140.dll
0x00007ff854800000 - 0x00007ff8548ac000 	C:\WINDOWS\System32\ADVAPI32.dll
0x00007ff8545b0000 - 0x00007ff85464e000 	C:\WINDOWS\System32\msvcrt.dll
0x00007ff8532b0000 - 0x00007ff85334b000 	C:\WINDOWS\System32\sechost.dll
0x00007ff853660000 - 0x00007ff85378a000 	C:\WINDOWS\System32\RPCRT4.dll
0x00007ff853790000 - 0x00007ff853930000 	C:\WINDOWS\System32\USER32.dll
0x00007ff852840000 - 0x00007ff852862000 	C:\WINDOWS\System32\win32u.dll
0x00007ff83a750000 - 0x00007ff83a9ea000 	C:\WINDOWS\WinSxS\amd64_microsoft.windows.common-controls_6595b64144ccf1df_6.0.19041.1110_none_60b5254171f9507e\COMCTL32.dll
0x00007ff853930000 - 0x00007ff85395a000 	C:\WINDOWS\System32\GDI32.dll
0x00007ff852730000 - 0x00007ff85283b000 	C:\WINDOWS\System32\gdi32full.dll
0x00007ff852870000 - 0x00007ff85290d000 	C:\WINDOWS\System32\msvcp_win.dll
0x00007ff849790000 - 0x00007ff84979a000 	C:\WINDOWS\SYSTEM32\VERSION.dll
0x00007ff8535b0000 - 0x00007ff8535e0000 	C:\WINDOWS\System32\IMM32.DLL
0x00007ff84c560000 - 0x00007ff84c56c000 	C:\Program Files\Java\jdk-15.0.2\bin\vcruntime140_1.dll
0x00007ff832540000 - 0x00007ff8325d1000 	C:\Program Files\Java\jdk-15.0.2\bin\msvcp140.dll
0x00007fffdfe40000 - 0x00007fffe099e000 	C:\Program Files\Java\jdk-15.0.2\bin\server\jvm.dll
0x00007ff853350000 - 0x00007ff853358000 	C:\WINDOWS\System32\PSAPI.DLL
0x00007ff83f3e0000 - 0x00007ff83f407000 	C:\WINDOWS\SYSTEM32\WINMM.dll
0x00007ff84d5a0000 - 0x00007ff84d5a9000 	C:\WINDOWS\SYSTEM32\WSOCK32.dll
0x00007ff853960000 - 0x00007ff8539cb000 	C:\WINDOWS\System32\WS2_32.dll
0x00007ff850d80000 - 0x00007ff850d92000 	C:\WINDOWS\SYSTEM32\kernel.appcore.dll
0x00007ff83a3c0000 - 0x00007ff83a3ca000 	C:\Program Files\Java\jdk-15.0.2\bin\jimage.dll
0x00007ff8502c0000 - 0x00007ff8504a4000 	C:\WINDOWS\SYSTEM32\DBGHELP.DLL
0x00007ff841de0000 - 0x00007ff841e0c000 	C:\WINDOWS\SYSTEM32\dbgcore.DLL
0x00007ff852d40000 - 0x00007ff852dc3000 	C:\WINDOWS\System32\bcryptPrimitives.dll
0x00007ff832710000 - 0x00007ff832735000 	C:\Program Files\Java\jdk-15.0.2\bin\java.dll
0x00007ff853d30000 - 0x00007ff85446f000 	C:\WINDOWS\System32\SHELL32.dll
0x00007ff8504b0000 - 0x00007ff850c40000 	C:\WINDOWS\SYSTEM32\windows.storage.dll
0x00007ff852dd0000 - 0x00007ff853125000 	C:\WINDOWS\System32\combase.dll
0x00007ff851f00000 - 0x00007ff851f2c000 	C:\WINDOWS\SYSTEM32\Wldp.dll
0x00007ff8539d0000 - 0x00007ff853a7e000 	C:\WINDOWS\System32\SHCORE.dll
0x00007ff853c70000 - 0x00007ff853cc5000 	C:\WINDOWS\System32\shlwapi.dll
0x00007ff8523e0000 - 0x00007ff8523ff000 	C:\WINDOWS\SYSTEM32\profapi.dll
0x00007ff8374c0000 - 0x00007ff8374d9000 	C:\Program Files\Java\jdk-15.0.2\bin\net.dll
0x00007ff841a30000 - 0x00007ff841b38000 	C:\WINDOWS\SYSTEM32\WINHTTP.dll
0x00007ff851c60000 - 0x00007ff851cca000 	C:\WINDOWS\system32\mswsock.dll
0x00007ff8326f0000 - 0x00007ff832702000 	C:\Program Files\Java\jdk-15.0.2\bin\nio.dll
0x00007ff8326d0000 - 0x00007ff8326e8000 	C:\Program Files\Java\jdk-15.0.2\bin\zip.dll
0x00007ffffdc90000 - 0x00007ffffde10000 	C:\Program Files\Java\jdk-15.0.2\bin\awt.dll
0x00007ff853130000 - 0x00007ff8531fd000 	C:\WINDOWS\System32\OLEAUT32.dll
0x00007ff84f590000 - 0x00007ff84f620000 	C:\WINDOWS\SYSTEM32\apphelp.dll
0x00007ff84f9b0000 - 0x00007ff84fa4e000 	C:\WINDOWS\system32\uxtheme.dll
0x00007ff853360000 - 0x00007ff853475000 	C:\WINDOWS\System32\MSCTF.dll
0x00007ff853480000 - 0x00007ff8535aa000 	C:\WINDOWS\System32\ole32.dll
0x00007ff84fd30000 - 0x00007ff84fd5f000 	C:\WINDOWS\system32\DWMAPI.DLL
0x00007ff832330000 - 0x00007ff8323b5000 	C:\Program Files\Java\jdk-15.0.2\bin\freetype.dll
0x00007ff832280000 - 0x00007ff832329000 	C:\Program Files\Java\jdk-15.0.2\bin\fontmanager.dll
0x00007ff83ac50000 - 0x00007ff83ad75000 	C:\WINDOWS\system32\opengl32.dll
0x00007ff83adc0000 - 0x00007ff83adec000 	C:\WINDOWS\SYSTEM32\GLU32.dll
0x00007ff853200000 - 0x00007ff8532a9000 	C:\WINDOWS\System32\clbcatq.dll
0x00007ff84ad90000 - 0x00007ff84af44000 	C:\WINDOWS\SYSTEM32\WindowsCodecs.dll
0x00007ff8524a0000 - 0x00007ff8524c7000 	C:\WINDOWS\System32\bcrypt.dll
0x00007ff82d790000 - 0x00007ff82d7ce000 	C:\WINDOWS\system32\dataexchange.dll
0x00007ff84dcc0000 - 0x00007ff84df24000 	C:\WINDOWS\system32\d3d11.dll
0x00007ff84e950000 - 0x00007ff84eb36000 	C:\WINDOWS\system32\dcomp.dll
0x00007ff850da0000 - 0x00007ff850e94000 	C:\WINDOWS\system32\dxgi.dll
0x00007ff84b050000 - 0x00007ff84b251000 	C:\WINDOWS\system32\twinapi.appcore.dll
0x00007ff83d600000 - 0x00007ff83d6f9000 	C:\WINDOWS\SYSTEM32\textinputframework.dll
0x00007ff84f320000 - 0x00007ff84f412000 	C:\WINDOWS\System32\CoreMessaging.dll
0x00007ff84efc0000 - 0x00007ff84f31e000 	C:\WINDOWS\System32\CoreUIComponents.dll
0x00007ff8511a0000 - 0x00007ff8511d3000 	C:\WINDOWS\SYSTEM32\ntmarta.dll
0x00007ff84db60000 - 0x00007ff84dcb4000 	C:\WINDOWS\SYSTEM32\wintypes.dll

dbghelp: loaded successfully - version: 4.0.5 - missing functions: none
symbol engine: initialized successfully - sym options: 0x614 - pdb path: .;C:\Program Files\Java\jdk-15.0.2\bin;C:\WINDOWS\SYSTEM32;C:\WINDOWS\WinSxS\amd64_microsoft.windows.common-controls_6595b64144ccf1df_6.0.19041.1110_none_60b5254171f9507e;C:\Program Files\Java\jdk-15.0.2\bin\server

VM Arguments:
java_command: GYM.Main
java_class_path (initial): C:\Users\HP\Documents\NetBeansProjects\GymManagementSystem\target\classes;C:\Users\HP\.m2\repository\unknown\binary\AbsoluteLayout\SNAPSHOT\AbsoluteLayout-SNAPSHOT.jar;C:\Users\HP\.m2\repository\com\github\rlf\uSkyBlock-API\2.6.4\uSkyBlock-API-2.6.4.jar;C:\Users\HP\.m2\repository\mysql\mysql-connector-java\8.0.26\mysql-connector-java-8.0.26.jar;C:\Users\HP\.m2\repository\com\google\protobuf\protobuf-java\3.11.4\protobuf-java-3.11.4.jar
Launcher Type: SUN_STANDARD

[Global flags]
     intx CICompilerCount                          = 4                                         {product} {ergonomic}
     uint ConcGCThreads                            = 3                                         {product} {ergonomic}
     uint G1ConcRefinementThreads                  = 10                                        {product} {ergonomic}
   size_t G1HeapRegionSize                         = 1048576                                   {product} {ergonomic}
    uintx GCDrainStackTargetSize                   = 64                                        {product} {ergonomic}
   size_t InitialHeapSize                          = 132120576                                 {product} {ergonomic}
   size_t MarkStackSize                            = 4194304                                   {product} {ergonomic}
   size_t MaxHeapSize                              = 2109734912                                {product} {ergonomic}
   size_t MaxNewSize                               = 1265631232                                {product} {ergonomic}
   size_t MinHeapDeltaBytes                        = 1048576                                   {product} {ergonomic}
   size_t MinHeapSize                              = 8388608                                   {product} {ergonomic}
    uintx NonNMethodCodeHeapSize                   = 5839372                                {pd product} {ergonomic}
    uintx NonProfiledCodeHeapSize                  = 122909434                              {pd product} {ergonomic}
    uintx ProfiledCodeHeapSize                     = 122909434                              {pd product} {ergonomic}
    uintx ReservedCodeCacheSize                    = 251658240                              {pd product} {ergonomic}
     bool SegmentedCodeCache                       = true                                      {product} {ergonomic}
   size_t SoftMaxHeapSize                          = 2109734912                             {manageable} {ergonomic}
     bool UseCompressedClassPointers               = true                                 {lp64_product} {ergonomic}
     bool UseCompressedOops                        = true                                 {lp64_product} {ergonomic}
     bool UseG1GC                                  = true                                      {product} {ergonomic}
     bool UseLargePagesIndividualAllocation        = false                                  {pd product} {ergonomic}

Logging:
Log output configuration:
 #0: stdout all=warning uptime,level,tags
 #1: stderr all=off uptime,level,tags

Environment Variables:
JAVA_HOME=C:\Program Files\Java\jdk-15.0.2
PATH=C:\oraclexe\app\oracle\product\11.2.0\server\bin;;C:\Program Files\Common Files\Oracle\Java\javapath;C:\Program Files (x86)\Intel\Intel(R) Management Engine Components\iCLS\;C:\Program Files\Intel\Intel(R) Management Engine Components\iCLS\;C:\windows\system32;C:\windows;C:\windows\System32\Wbem;C:\windows\System32\WindowsPowerShell\v1.0\;C:\windows\System32\OpenSSH\;C:\Program Files (x86)\Intel\Intel(R) Management Engine Components\DAL;C:\Program Files\Intel\Intel(R) Management Engine Components\DAL;C:\Program Files (x86)\Intel\Intel(R) Management Engine Components\IPT;C:\Program Files\Intel\Intel(R) Management Engine Components\IPT;C:\Program Files (x86)\NVIDIA Corporation\PhysX\Common;C:\WINDOWS\system32;C:\WINDOWS;C:\WINDOWS\System32\Wbem;C:\WINDOWS\System32\WindowsPowerShell\v1.0\;C:\WINDOWS\System32\OpenSSH\;C:\Users\HP\AppData\Local\Microsoft\WindowsApps;;C:\Program Files\JetBrains\IntelliJ IDEA Community Edition 2020.2.1\bin;;C:\Users\HP\AppData\Local\Programs\Microsoft VS Code\bin
USERNAME=HP
OS=Windows_NT
PROCESSOR_IDENTIFIER=Intel64 Family 6 Model 158 Stepping 10, GenuineIntel



---------------  S Y S T E M  ---------------

OS:
 Windows 10 , 64 bit Build 19041 (10.0.19041.1151)
OS uptime: 0 days 12:59 hours

CPU: total 12 (initial active 12) (6 cores per cpu, 2 threads per core) family 6 model 158 stepping 10 microcode 0xb4, cmov, cx8, fxsr, mmx, sse, sse2, sse3, ssse3, sse4.1, sse4.2, popcnt, vzeroupper, avx, avx2, aes, clmul, erms, 3dnowpref, lzcnt, ht, tsc, tscinvbit, bmi1, bmi2, adx, fma, clflush, clflushopt

Memory: 4k page, system-wide physical 8046M (247M free)
TotalPageFile size 23151M (AvailPageFile size 0M)
current process WorkingSet (physical memory assigned to process): 91M, peak: 110M
current process commit charge ("private bytes"): 238M, peak: 259M

vm_info: Java HotSpot(TM) 64-Bit Server VM (15.0.2+7-27) for windows-amd64 JRE (15.0.2+7-27), built on Dec  7 2020 20:07:01 by "mach5one" with unknown MS VC++:1925

END.
