#
# There is insufficient memory for the Java Runtime Environment to continue.
# Native memory allocation (malloc) failed to allocate 32744 bytes for ChunkPool::allocate
# Possible reasons:
#   The system is out of physical RAM or swap space
#   The process is running with CompressedOops enabled, and the Java Heap may be blocking the growth of the native heap
# Possible solutions:
#   Reduce memory load on the system
#   Increase physical memory or swap space
#   Check if swap backing store is full
#   Decrease Java heap size (-Xmx/-Xms)
#   Decrease number of Java threads
#   Decrease Java thread stack sizes (-Xss)
#   Set larger code cache with -XX:ReservedCodeCacheSize=
#   JVM is running with Unscaled Compressed Oops mode in which the Java heap is
#     placed in the first 4GB address space. The Java Heap base address is the
#     maximum limit for the native heap growth. Please use -XX:HeapBaseMinAddress
#     to set the Java Heap base and to place the Java Heap above 4GB virtual address.
# This output file may be truncated or incomplete.
#
#  Out of Memory Error (./open/src/hotspot/share/memory/arena.cpp:79), pid=18820, tid=6048
#
# JRE version: Java(TM) SE Runtime Environment (15.0.2+7) (build 15.0.2+7-27)
# Java VM: Java HotSpot(TM) 64-Bit Server VM (15.0.2+7-27, mixed mode, sharing, tiered, compressed oops, g1 gc, windows-amd64)
# No core dump will be written. Minidumps are not enabled by default on client versions of Windows
#

---------------  S U M M A R Y ------------

Command Line: GYM.Main

Host: Intel(R) Core(TM) i7-8750H CPU @ 2.20GHz, 12 cores, 7G,  Windows 10 , 64 bit Build 19041 (10.0.19041.1151)
Time: Tue Aug 17 02:22:59 2021 Egypt Standard Time elapsed time: 106.448196 seconds (0d 0h 1m 46s)

---------------  T H R E A D  ---------------

Current thread (0x0000022a526d87d0):  JavaThread "C1 CompilerThread0" daemon [_thread_in_native, id=6048, stack(0x0000004b83b00000,0x0000004b83c00000)]


Current CompileTask:
C1: 106448 1408       3       java.lang.invoke.TypeConvertingMethodAdapter::convertType (299 bytes)

Stack: [0x0000004b83b00000,0x0000004b83c00000]
Native frames: (J=compiled Java code, j=interpreted, Vv=VM code, C=native code)
V  [jvm.dll+0x62ae9a]
V  [jvm.dll+0x7817a9]
V  [jvm.dll+0x782f03]
V  [jvm.dll+0x783563]
V  [jvm.dll+0x216325]
V  [jvm.dll+0x982cf]
V  [jvm.dll+0x9861c]
V  [jvm.dll+0x150899]
V  [jvm.dll+0x151682]
V  [jvm.dll+0x15409d]
V  [jvm.dll+0x156291]
V  [jvm.dll+0x110065]
V  [jvm.dll+0x10f91f]
V  [jvm.dll+0x10fb54]
V  [jvm.dll+0x10ee92]
V  [jvm.dll+0x110d2c]
V  [jvm.dll+0x1f9225]
V  [jvm.dll+0x1f72cc]
V  [jvm.dll+0x74495d]
V  [jvm.dll+0x73d75a]
V  [jvm.dll+0x629c56]
C  [ucrtbase.dll+0x21bb2]
C  [KERNEL32.DLL+0x17034]
C  [ntdll.dll+0x52651]


---------------  P R O C E S S  ---------------

Threads class SMR info:
_java_thread_list=0x0000022a533fecf0, length=15, elements={
0x0000022a526a9d90, 0x0000022a526aa960, 0x0000022a526c4d60, 0x0000022a526c7730,
0x0000022a526c81e0, 0x0000022a526cbd60, 0x0000022a526d87d0, 0x0000022a527012e0,
0x0000022a5312b4d0, 0x0000022a531309e0, 0x0000022a533a2320, 0x0000022a533a27f0,
0x0000022a533a2cc0, 0x0000022a533ff9e0, 0x0000022a31870a50
}

Java Threads: ( => current thread )
  0x0000022a526a9d90 JavaThread "Reference Handler" daemon [_thread_blocked, id=23480, stack(0x0000004b83500000,0x0000004b83600000)]
  0x0000022a526aa960 JavaThread "Finalizer" daemon [_thread_blocked, id=19796, stack(0x0000004b83600000,0x0000004b83700000)]
  0x0000022a526c4d60 JavaThread "Signal Dispatcher" daemon [_thread_blocked, id=23364, stack(0x0000004b83700000,0x0000004b83800000)]
  0x0000022a526c7730 JavaThread "Attach Listener" daemon [_thread_blocked, id=21604, stack(0x0000004b83800000,0x0000004b83900000)]
  0x0000022a526c81e0 JavaThread "Service Thread" daemon [_thread_blocked, id=6024, stack(0x0000004b83900000,0x0000004b83a00000)]
  0x0000022a526cbd60 JavaThread "C2 CompilerThread0" daemon [_thread_in_native, id=21068, stack(0x0000004b83a00000,0x0000004b83b00000)]
=>0x0000022a526d87d0 JavaThread "C1 CompilerThread0" daemon [_thread_in_native, id=6048, stack(0x0000004b83b00000,0x0000004b83c00000)]
  0x0000022a527012e0 JavaThread "Sweeper thread" daemon [_thread_blocked, id=14736, stack(0x0000004b83c00000,0x0000004b83d00000)]
  0x0000022a5312b4d0 JavaThread "Notification Thread" daemon [_thread_blocked, id=20156, stack(0x0000004b83d00000,0x0000004b83e00000)]
  0x0000022a531309e0 JavaThread "Common-Cleaner" daemon [_thread_blocked, id=21768, stack(0x0000004b83f00000,0x0000004b84000000)]
  0x0000022a533a2320 JavaThread "Java2D Disposer" daemon [_thread_blocked, id=15604, stack(0x0000004b84000000,0x0000004b84100000)]
  0x0000022a533a27f0 JavaThread "AWT-Shutdown" [_thread_blocked, id=20352, stack(0x0000004b84100000,0x0000004b84200000)]
  0x0000022a533a2cc0 JavaThread "AWT-Windows" daemon [_thread_in_native, id=21248, stack(0x0000004b84200000,0x0000004b84300000)]
  0x0000022a533ff9e0 JavaThread "AWT-EventQueue-0" [_thread_blocked, id=20132, stack(0x0000004b84300000,0x0000004b84400000)]
  0x0000022a31870a50 JavaThread "DestroyJavaVM" [_thread_blocked, id=22256, stack(0x0000004b82e00000,0x0000004b82f00000)]

Other Threads:
  0x0000022a526a8510 VMThread "VM Thread" [stack: 0x0000004b83400000,0x0000004b83500000] [id=21752]
  0x0000022a53135b90 WatcherThread [stack: 0x0000004b83e00000,0x0000004b83f00000] [id=22156]
  0x0000022a318b2090 GCTaskThread "GC Thread#0" [stack: 0x0000004b82f00000,0x0000004b83000000] [id=19664]
  0x0000022a318c3d70 ConcurrentGCThread "G1 Main Marker" [stack: 0x0000004b83000000,0x0000004b83100000] [id=23048]
  0x0000022a318c5100 ConcurrentGCThread "G1 Conc#0" [stack: 0x0000004b83100000,0x0000004b83200000] [id=6744]
  0x0000022a52520090 ConcurrentGCThread "G1 Refine#0" [stack: 0x0000004b83200000,0x0000004b83300000] [id=18144]
  0x0000022a52520c90 ConcurrentGCThread "G1 Young RemSet Sampling" [stack: 0x0000004b83300000,0x0000004b83400000] [id=32]

Threads with active compile tasks:
C2 CompilerThread0   106537 1416       4       sun.java2d.loops.GraphicsPrimitiveMgr::locate (104 bytes)
C1 CompilerThread0   106537 1408       3       java.lang.invoke.TypeConvertingMethodAdapter::convertType (299 bytes)

VM state: not at safepoint (normal execution)

VM Mutex/Monitor currently owned by a thread: None

Heap address: 0x0000000082400000, size: 2012 MB, Compressed Oops mode: 32-bit
CDS archive(s) mapped at: [0x0000000800000000-0x0000000800b50000-0x0000000800b50000), size 11862016, SharedBaseAddress: 0x0000000800000000, ArchiveRelocationMode: 0.
Compressed class space mapped at: 0x0000000800b50000-0x0000000840b50000, size: 1073741824
Narrow klass base: 0x0000000800000000, Narrow klass shift: 3, Narrow klass range: 0x100000000

GC Precious Log:
 CPUs: 12 total, 12 available
 Memory: 8046M
 Large Page Support: Disabled
 NUMA Support: Disabled
 Compressed Oops: Enabled (32-bit)
 Heap Region Size: 1M
 Heap Min Capacity: 8M
 Heap Initial Capacity: 126M
 Heap Max Capacity: 2012M
 Pre-touch: Disabled
 Parallel Workers: 10
 Concurrent Workers: 3
 Concurrent Refinement Workers: 10
 Periodic GC: Disabled

Heap:
 garbage-first heap   total 129024K, used 29696K [0x0000000082400000, 0x0000000100000000)
  region size 1024K, 16 young (16384K), 0 survivors (0K)
 Metaspace       used 11968K, capacity 12192K, committed 12288K, reserved 1060864K
  class space    used 1414K, capacity 1479K, committed 1536K, reserved 1048576K

Heap Regions: E=young(eden), S=young(survivor), O=old, HS=humongous(starts), HC=humongous(continues), CS=collection set, F=free, OA=open archive, CA=closed archive, TAMS=top-at-mark-start (previous, next)
|   0|0x0000000082400000, 0x0000000082500000, 0x0000000082500000|100%|HS|  |TAMS 0x0000000082400000, 0x0000000082400000| Complete 
|   1|0x0000000082500000, 0x0000000082600000, 0x0000000082600000|100%|HC|  |TAMS 0x0000000082500000, 0x0000000082500000| Complete 
|   2|0x0000000082600000, 0x0000000082700000, 0x0000000082700000|100%|HS|  |TAMS 0x0000000082600000, 0x0000000082600000| Complete 
|   3|0x0000000082700000, 0x0000000082800000, 0x0000000082800000|100%|HC|  |TAMS 0x0000000082700000, 0x0000000082700000| Complete 
|   4|0x0000000082800000, 0x0000000082900000, 0x0000000082900000|100%|HC|  |TAMS 0x0000000082800000, 0x0000000082800000| Complete 
|   5|0x0000000082900000, 0x0000000082a00000, 0x0000000082a00000|100%|HC|  |TAMS 0x0000000082900000, 0x0000000082900000| Complete 
|   6|0x0000000082a00000, 0x0000000082b00000, 0x0000000082b00000|100%|HC|  |TAMS 0x0000000082a00000, 0x0000000082a00000| Complete 
|   7|0x0000000082b00000, 0x0000000082c00000, 0x0000000082c00000|100%|HS|  |TAMS 0x0000000082b00000, 0x0000000082b00000| Complete 
|   8|0x0000000082c00000, 0x0000000082d00000, 0x0000000082d00000|100%|HC|  |TAMS 0x0000000082c00000, 0x0000000082c00000| Complete 
|   9|0x0000000082d00000, 0x0000000082e00000, 0x0000000082e00000|100%|HC|  |TAMS 0x0000000082d00000, 0x0000000082d00000| Complete 
|  10|0x0000000082e00000, 0x0000000082f00000, 0x0000000082f00000|100%|HC|  |TAMS 0x0000000082e00000, 0x0000000082e00000| Complete 
|  11|0x0000000082f00000, 0x0000000083000000, 0x0000000083000000|100%|HC|  |TAMS 0x0000000082f00000, 0x0000000082f00000| Complete 
|  12|0x0000000083000000, 0x0000000083100000, 0x0000000083100000|100%|HC|  |TAMS 0x0000000083000000, 0x0000000083000000| Complete 
|  13|0x0000000083100000, 0x0000000083200000, 0x0000000083200000|100%|HC|  |TAMS 0x0000000083100000, 0x0000000083100000| Complete 
|  14|0x0000000083200000, 0x0000000083200000, 0x0000000083300000|  0%| F|  |TAMS 0x0000000083200000, 0x0000000083200000| Untracked 
|  15|0x0000000083300000, 0x0000000083300000, 0x0000000083400000|  0%| F|  |TAMS 0x0000000083300000, 0x0000000083300000| Untracked 
|  16|0x0000000083400000, 0x0000000083400000, 0x0000000083500000|  0%| F|  |TAMS 0x0000000083400000, 0x0000000083400000| Untracked 
|  17|0x0000000083500000, 0x0000000083500000, 0x0000000083600000|  0%| F|  |TAMS 0x0000000083500000, 0x0000000083500000| Untracked 
|  18|0x0000000083600000, 0x0000000083600000, 0x0000000083700000|  0%| F|  |TAMS 0x0000000083600000, 0x0000000083600000| Untracked 
|  19|0x0000000083700000, 0x0000000083700000, 0x0000000083800000|  0%| F|  |TAMS 0x0000000083700000, 0x0000000083700000| Untracked 
|  20|0x0000000083800000, 0x0000000083800000, 0x0000000083900000|  0%| F|  |TAMS 0x0000000083800000, 0x0000000083800000| Untracked 
|  21|0x0000000083900000, 0x0000000083900000, 0x0000000083a00000|  0%| F|  |TAMS 0x0000000083900000, 0x0000000083900000| Untracked 
|  22|0x0000000083a00000, 0x0000000083a00000, 0x0000000083b00000|  0%| F|  |TAMS 0x0000000083a00000, 0x0000000083a00000| Untracked 
|  23|0x0000000083b00000, 0x0000000083b00000, 0x0000000083c00000|  0%| F|  |TAMS 0x0000000083b00000, 0x0000000083b00000| Untracked 
|  24|0x0000000083c00000, 0x0000000083c00000, 0x0000000083d00000|  0%| F|  |TAMS 0x0000000083c00000, 0x0000000083c00000| Untracked 
|  25|0x0000000083d00000, 0x0000000083d00000, 0x0000000083e00000|  0%| F|  |TAMS 0x0000000083d00000, 0x0000000083d00000| Untracked 
|  26|0x0000000083e00000, 0x0000000083e00000, 0x0000000083f00000|  0%| F|  |TAMS 0x0000000083e00000, 0x0000000083e00000| Untracked 
|  27|0x0000000083f00000, 0x0000000083f00000, 0x0000000084000000|  0%| F|  |TAMS 0x0000000083f00000, 0x0000000083f00000| Untracked 
|  28|0x0000000084000000, 0x0000000084000000, 0x0000000084100000|  0%| F|  |TAMS 0x0000000084000000, 0x0000000084000000| Untracked 
|  29|0x0000000084100000, 0x0000000084100000, 0x0000000084200000|  0%| F|  |TAMS 0x0000000084100000, 0x0000000084100000| Untracked 
|  30|0x0000000084200000, 0x0000000084200000, 0x0000000084300000|  0%| F|  |TAMS 0x0000000084200000, 0x0000000084200000| Untracked 
|  31|0x0000000084300000, 0x0000000084300000, 0x0000000084400000|  0%| F|  |TAMS 0x0000000084300000, 0x0000000084300000| Untracked 
|  32|0x0000000084400000, 0x0000000084400000, 0x0000000084500000|  0%| F|  |TAMS 0x0000000084400000, 0x0000000084400000| Untracked 
|  33|0x0000000084500000, 0x0000000084500000, 0x0000000084600000|  0%| F|  |TAMS 0x0000000084500000, 0x0000000084500000| Untracked 
|  34|0x0000000084600000, 0x0000000084600000, 0x0000000084700000|  0%| F|  |TAMS 0x0000000084600000, 0x0000000084600000| Untracked 
|  35|0x0000000084700000, 0x0000000084700000, 0x0000000084800000|  0%| F|  |TAMS 0x0000000084700000, 0x0000000084700000| Untracked 
|  36|0x0000000084800000, 0x0000000084800000, 0x0000000084900000|  0%| F|  |TAMS 0x0000000084800000, 0x0000000084800000| Untracked 
|  37|0x0000000084900000, 0x0000000084900000, 0x0000000084a00000|  0%| F|  |TAMS 0x0000000084900000, 0x0000000084900000| Untracked 
|  38|0x0000000084a00000, 0x0000000084a00000, 0x0000000084b00000|  0%| F|  |TAMS 0x0000000084a00000, 0x0000000084a00000| Untracked 
|  39|0x0000000084b00000, 0x0000000084b00000, 0x0000000084c00000|  0%| F|  |TAMS 0x0000000084b00000, 0x0000000084b00000| Untracked 
|  40|0x0000000084c00000, 0x0000000084c00000, 0x0000000084d00000|  0%| F|  |TAMS 0x0000000084c00000, 0x0000000084c00000| Untracked 
|  41|0x0000000084d00000, 0x0000000084d00000, 0x0000000084e00000|  0%| F|  |TAMS 0x0000000084d00000, 0x0000000084d00000| Untracked 
|  42|0x0000000084e00000, 0x0000000084e00000, 0x0000000084f00000|  0%| F|  |TAMS 0x0000000084e00000, 0x0000000084e00000| Untracked 
|  43|0x0000000084f00000, 0x0000000084f00000, 0x0000000085000000|  0%| F|  |TAMS 0x0000000084f00000, 0x0000000084f00000| Untracked 
|  44|0x0000000085000000, 0x0000000085000000, 0x0000000085100000|  0%| F|  |TAMS 0x0000000085000000, 0x0000000085000000| Untracked 
|  45|0x0000000085100000, 0x0000000085100000, 0x0000000085200000|  0%| F|  |TAMS 0x0000000085100000, 0x0000000085100000| Untracked 
|  46|0x0000000085200000, 0x0000000085200000, 0x0000000085300000|  0%| F|  |TAMS 0x0000000085200000, 0x0000000085200000| Untracked 
|  47|0x0000000085300000, 0x0000000085300000, 0x0000000085400000|  0%| F|  |TAMS 0x0000000085300000, 0x0000000085300000| Untracked 
|  48|0x0000000085400000, 0x0000000085400000, 0x0000000085500000|  0%| F|  |TAMS 0x0000000085400000, 0x0000000085400000| Untracked 
|  49|0x0000000085500000, 0x0000000085500000, 0x0000000085600000|  0%| F|  |TAMS 0x0000000085500000, 0x0000000085500000| Untracked 
|  50|0x0000000085600000, 0x0000000085600000, 0x0000000085700000|  0%| F|  |TAMS 0x0000000085600000, 0x0000000085600000| Untracked 
|  51|0x0000000085700000, 0x0000000085700000, 0x0000000085800000|  0%| F|  |TAMS 0x0000000085700000, 0x0000000085700000| Untracked 
|  52|0x0000000085800000, 0x0000000085800000, 0x0000000085900000|  0%| F|  |TAMS 0x0000000085800000, 0x0000000085800000| Untracked 
|  53|0x0000000085900000, 0x0000000085900000, 0x0000000085a00000|  0%| F|  |TAMS 0x0000000085900000, 0x0000000085900000| Untracked 
|  54|0x0000000085a00000, 0x0000000085a00000, 0x0000000085b00000|  0%| F|  |TAMS 0x0000000085a00000, 0x0000000085a00000| Untracked 
|  55|0x0000000085b00000, 0x0000000085b00000, 0x0000000085c00000|  0%| F|  |TAMS 0x0000000085b00000, 0x0000000085b00000| Untracked 
|  56|0x0000000085c00000, 0x0000000085c00000, 0x0000000085d00000|  0%| F|  |TAMS 0x0000000085c00000, 0x0000000085c00000| Untracked 
|  57|0x0000000085d00000, 0x0000000085d00000, 0x0000000085e00000|  0%| F|  |TAMS 0x0000000085d00000, 0x0000000085d00000| Untracked 
|  58|0x0000000085e00000, 0x0000000085e00000, 0x0000000085f00000|  0%| F|  |TAMS 0x0000000085e00000, 0x0000000085e00000| Untracked 
|  59|0x0000000085f00000, 0x0000000085f00000, 0x0000000086000000|  0%| F|  |TAMS 0x0000000085f00000, 0x0000000085f00000| Untracked 
|  60|0x0000000086000000, 0x0000000086000000, 0x0000000086100000|  0%| F|  |TAMS 0x0000000086000000, 0x0000000086000000| Untracked 
|  61|0x0000000086100000, 0x0000000086100000, 0x0000000086200000|  0%| F|  |TAMS 0x0000000086100000, 0x0000000086100000| Untracked 
|  62|0x0000000086200000, 0x0000000086200000, 0x0000000086300000|  0%| F|  |TAMS 0x0000000086200000, 0x0000000086200000| Untracked 
|  63|0x0000000086300000, 0x0000000086300000, 0x0000000086400000|  0%| F|  |TAMS 0x0000000086300000, 0x0000000086300000| Untracked 
|  64|0x0000000086400000, 0x0000000086400000, 0x0000000086500000|  0%| F|  |TAMS 0x0000000086400000, 0x0000000086400000| Untracked 
|  65|0x0000000086500000, 0x0000000086500000, 0x0000000086600000|  0%| F|  |TAMS 0x0000000086500000, 0x0000000086500000| Untracked 
|  66|0x0000000086600000, 0x0000000086600000, 0x0000000086700000|  0%| F|  |TAMS 0x0000000086600000, 0x0000000086600000| Untracked 
|  67|0x0000000086700000, 0x0000000086700000, 0x0000000086800000|  0%| F|  |TAMS 0x0000000086700000, 0x0000000086700000| Untracked 
|  68|0x0000000086800000, 0x0000000086800000, 0x0000000086900000|  0%| F|  |TAMS 0x0000000086800000, 0x0000000086800000| Untracked 
|  69|0x0000000086900000, 0x0000000086900000, 0x0000000086a00000|  0%| F|  |TAMS 0x0000000086900000, 0x0000000086900000| Untracked 
|  70|0x0000000086a00000, 0x0000000086a00000, 0x0000000086b00000|  0%| F|  |TAMS 0x0000000086a00000, 0x0000000086a00000| Untracked 
|  71|0x0000000086b00000, 0x0000000086b00000, 0x0000000086c00000|  0%| F|  |TAMS 0x0000000086b00000, 0x0000000086b00000| Untracked 
|  72|0x0000000086c00000, 0x0000000086c00000, 0x0000000086d00000|  0%| F|  |TAMS 0x0000000086c00000, 0x0000000086c00000| Untracked 
|  73|0x0000000086d00000, 0x0000000086d00000, 0x0000000086e00000|  0%| F|  |TAMS 0x0000000086d00000, 0x0000000086d00000| Untracked 
|  74|0x0000000086e00000, 0x0000000086e00000, 0x0000000086f00000|  0%| F|  |TAMS 0x0000000086e00000, 0x0000000086e00000| Untracked 
|  75|0x0000000086f00000, 0x0000000086f00000, 0x0000000087000000|  0%| F|  |TAMS 0x0000000086f00000, 0x0000000086f00000| Untracked 
|  76|0x0000000087000000, 0x0000000087000000, 0x0000000087100000|  0%| F|  |TAMS 0x0000000087000000, 0x0000000087000000| Untracked 
|  77|0x0000000087100000, 0x0000000087100000, 0x0000000087200000|  0%| F|  |TAMS 0x0000000087100000, 0x0000000087100000| Untracked 
|  78|0x0000000087200000, 0x0000000087200000, 0x0000000087300000|  0%| F|  |TAMS 0x0000000087200000, 0x0000000087200000| Untracked 
|  79|0x0000000087300000, 0x0000000087300000, 0x0000000087400000|  0%| F|  |TAMS 0x0000000087300000, 0x0000000087300000| Untracked 
|  80|0x0000000087400000, 0x0000000087400000, 0x0000000087500000|  0%| F|  |TAMS 0x0000000087400000, 0x0000000087400000| Untracked 
|  81|0x0000000087500000, 0x0000000087500000, 0x0000000087600000|  0%| F|  |TAMS 0x0000000087500000, 0x0000000087500000| Untracked 
|  82|0x0000000087600000, 0x0000000087600000, 0x0000000087700000|  0%| F|  |TAMS 0x0000000087600000, 0x0000000087600000| Untracked 
|  83|0x0000000087700000, 0x0000000087700000, 0x0000000087800000|  0%| F|  |TAMS 0x0000000087700000, 0x0000000087700000| Untracked 
|  84|0x0000000087800000, 0x0000000087800000, 0x0000000087900000|  0%| F|  |TAMS 0x0000000087800000, 0x0000000087800000| Untracked 
|  85|0x0000000087900000, 0x0000000087900000, 0x0000000087a00000|  0%| F|  |TAMS 0x0000000087900000, 0x0000000087900000| Untracked 
|  86|0x0000000087a00000, 0x0000000087a00000, 0x0000000087b00000|  0%| F|  |TAMS 0x0000000087a00000, 0x0000000087a00000| Untracked 
|  87|0x0000000087b00000, 0x0000000087b00000, 0x0000000087c00000|  0%| F|  |TAMS 0x0000000087b00000, 0x0000000087b00000| Untracked 
|  88|0x0000000087c00000, 0x0000000087c00000, 0x0000000087d00000|  0%| F|  |TAMS 0x0000000087c00000, 0x0000000087c00000| Untracked 
|  89|0x0000000087d00000, 0x0000000087d00000, 0x0000000087e00000|  0%| F|  |TAMS 0x0000000087d00000, 0x0000000087d00000| Untracked 
|  90|0x0000000087e00000, 0x0000000087e00000, 0x0000000087f00000|  0%| F|  |TAMS 0x0000000087e00000, 0x0000000087e00000| Untracked 
|  91|0x0000000087f00000, 0x0000000087f00000, 0x0000000088000000|  0%| F|  |TAMS 0x0000000087f00000, 0x0000000087f00000| Untracked 
|  92|0x0000000088000000, 0x0000000088000000, 0x0000000088100000|  0%| F|  |TAMS 0x0000000088000000, 0x0000000088000000| Untracked 
|  93|0x0000000088100000, 0x0000000088100000, 0x0000000088200000|  0%| F|  |TAMS 0x0000000088100000, 0x0000000088100000| Untracked 
|  94|0x0000000088200000, 0x0000000088200000, 0x0000000088300000|  0%| F|  |TAMS 0x0000000088200000, 0x0000000088200000| Untracked 
|  95|0x0000000088300000, 0x0000000088300000, 0x0000000088400000|  0%| F|  |TAMS 0x0000000088300000, 0x0000000088300000| Untracked 
|  96|0x0000000088400000, 0x0000000088400000, 0x0000000088500000|  0%| F|  |TAMS 0x0000000088400000, 0x0000000088400000| Untracked 
|  97|0x0000000088500000, 0x0000000088500000, 0x0000000088600000|  0%| F|  |TAMS 0x0000000088500000, 0x0000000088500000| Untracked 
|  98|0x0000000088600000, 0x0000000088600000, 0x0000000088700000|  0%| F|  |TAMS 0x0000000088600000, 0x0000000088600000| Untracked 
|  99|0x0000000088700000, 0x0000000088700000, 0x0000000088800000|  0%| F|  |TAMS 0x0000000088700000, 0x0000000088700000| Untracked 
| 100|0x0000000088800000, 0x0000000088800000, 0x0000000088900000|  0%| F|  |TAMS 0x0000000088800000, 0x0000000088800000| Untracked 
| 101|0x0000000088900000, 0x0000000088900000, 0x0000000088a00000|  0%| F|  |TAMS 0x0000000088900000, 0x0000000088900000| Untracked 
| 102|0x0000000088a00000, 0x0000000088a00000, 0x0000000088b00000|  0%| F|  |TAMS 0x0000000088a00000, 0x0000000088a00000| Untracked 
| 103|0x0000000088b00000, 0x0000000088b00000, 0x0000000088c00000|  0%| F|  |TAMS 0x0000000088b00000, 0x0000000088b00000| Untracked 
| 104|0x0000000088c00000, 0x0000000088c00000, 0x0000000088d00000|  0%| F|  |TAMS 0x0000000088c00000, 0x0000000088c00000| Untracked 
| 105|0x0000000088d00000, 0x0000000088d00000, 0x0000000088e00000|  0%| F|  |TAMS 0x0000000088d00000, 0x0000000088d00000| Untracked 
| 106|0x0000000088e00000, 0x0000000088e00000, 0x0000000088f00000|  0%| F|  |TAMS 0x0000000088e00000, 0x0000000088e00000| Untracked 
| 107|0x0000000088f00000, 0x0000000088f00000, 0x0000000089000000|  0%| F|  |TAMS 0x0000000088f00000, 0x0000000088f00000| Untracked 
| 108|0x0000000089000000, 0x0000000089000000, 0x0000000089100000|  0%| F|  |TAMS 0x0000000089000000, 0x0000000089000000| Untracked 
| 109|0x0000000089100000, 0x0000000089100000, 0x0000000089200000|  0%| F|  |TAMS 0x0000000089100000, 0x0000000089100000| Untracked 
| 110|0x0000000089200000, 0x00000000892ec080, 0x0000000089300000| 92%| E|  |TAMS 0x0000000089200000, 0x0000000089200000| Complete 
| 111|0x0000000089300000, 0x0000000089400000, 0x0000000089400000|100%| E|CS|TAMS 0x0000000089300000, 0x0000000089300000| Complete 
| 112|0x0000000089400000, 0x0000000089500000, 0x0000000089500000|100%| E|CS|TAMS 0x0000000089400000, 0x0000000089400000| Complete 
| 113|0x0000000089500000, 0x0000000089600000, 0x0000000089600000|100%| E|CS|TAMS 0x0000000089500000, 0x0000000089500000| Complete 
| 114|0x0000000089600000, 0x0000000089700000, 0x0000000089700000|100%| E|CS|TAMS 0x0000000089600000, 0x0000000089600000| Complete 
| 115|0x0000000089700000, 0x0000000089800000, 0x0000000089800000|100%| E|CS|TAMS 0x0000000089700000, 0x0000000089700000| Complete 
| 116|0x0000000089800000, 0x0000000089900000, 0x0000000089900000|100%| E|CS|TAMS 0x0000000089800000, 0x0000000089800000| Complete 
| 117|0x0000000089900000, 0x0000000089a00000, 0x0000000089a00000|100%| E|CS|TAMS 0x0000000089900000, 0x0000000089900000| Complete 
| 118|0x0000000089a00000, 0x0000000089b00000, 0x0000000089b00000|100%| E|CS|TAMS 0x0000000089a00000, 0x0000000089a00000| Complete 
| 119|0x0000000089b00000, 0x0000000089c00000, 0x0000000089c00000|100%| E|CS|TAMS 0x0000000089b00000, 0x0000000089b00000| Complete 
| 120|0x0000000089c00000, 0x0000000089d00000, 0x0000000089d00000|100%| E|CS|TAMS 0x0000000089c00000, 0x0000000089c00000| Complete 
| 121|0x0000000089d00000, 0x0000000089e00000, 0x0000000089e00000|100%| E|CS|TAMS 0x0000000089d00000, 0x0000000089d00000| Complete 
| 122|0x0000000089e00000, 0x0000000089f00000, 0x0000000089f00000|100%| E|CS|TAMS 0x0000000089e00000, 0x0000000089e00000| Complete 
| 123|0x0000000089f00000, 0x000000008a000000, 0x000000008a000000|100%| E|CS|TAMS 0x0000000089f00000, 0x0000000089f00000| Complete 
| 124|0x000000008a000000, 0x000000008a100000, 0x000000008a100000|100%| E|CS|TAMS 0x000000008a000000, 0x000000008a000000| Complete 
| 125|0x000000008a100000, 0x000000008a200000, 0x000000008a200000|100%| E|CS|TAMS 0x000000008a100000, 0x000000008a100000| Complete 

Card table byte_map: [0x0000022a4b310000,0x0000022a4b700000] _byte_map_base: 0x0000022a4aefe000

Marking Bits (Prev, Next): (CMBitMap*) 0x0000022a318b3890, (CMBitMap*) 0x0000022a318b38d0
 Prev Bits: [0x0000022a4baf0000, 0x0000022a4da60000)
 Next Bits: [0x0000022a4da60000, 0x0000022a4f9d0000)

Polling page: 0x0000022a31950000

Metaspace:

Usage:
  Non-class:     10.46 MB capacity,    10.31 MB ( 99%) used,   144.05 KB (  1%) free+waste,    15.00 KB ( <1%) overhead. 
      Class:      1.44 MB capacity,     1.38 MB ( 96%) used,    57.97 KB (  4%) free+waste,     6.12 KB ( <1%) overhead. 
       Both:     11.91 MB capacity,    11.69 MB ( 98%) used,   202.02 KB (  2%) free+waste,    21.12 KB ( <1%) overhead. 

Virtual space:
  Non-class space:       12.00 MB reserved,      10.50 MB ( 88%) committed 
      Class space:        1.00 GB reserved,       1.50 MB ( <1%) committed 
             Both:        1.01 GB reserved,      12.00 MB (  1%) committed 

Chunk freelists:
   Non-Class:  39.00 KB
       Class:  25.00 KB
        Both:  64.00 KB

MaxMetaspaceSize: 17179869184.00 GB
CompressedClassSpaceSize: 1.00 GB

CodeHeap 'non-profiled nmethods': size=120000Kb used=523Kb max_used=523Kb free=119476Kb
 bounds [0x0000022a42d70000, 0x0000022a42fe0000, 0x0000022a4a2a0000]
CodeHeap 'profiled nmethods': size=120000Kb used=2397Kb max_used=2397Kb free=117603Kb
 bounds [0x0000022a3b840000, 0x0000022a3bab0000, 0x0000022a42d70000]
CodeHeap 'non-nmethods': size=5760Kb used=1320Kb max_used=1390Kb free=4440Kb
 bounds [0x0000022a3b2a0000, 0x0000022a3b510000, 0x0000022a3b840000]
 total_blobs=2016 nmethods=1390 adapters=539
 compilation: enabled
              stopped_count=0, restarted_count=0
 full_count=0

Compilation events (20 events):
Event: 9.639 Thread 0x0000022a526cbd60 nmethod 1388% 0x0000022a42dea890 code [0x0000022a42deaac0, 0x0000022a42def108]
Event: 9.647 Thread 0x0000022a526d87d0 1399       1       sun.util.locale.StringTokenIterator::current (5 bytes)
Event: 9.648 Thread 0x0000022a526d87d0 nmethod 1399 0x0000022a42df1e90 code [0x0000022a42df2020, 0x0000022a42df20d8]
Event: 9.657 Thread 0x0000022a526d87d0 1400       1       javax.swing.JRootPane::getDefaultButton (5 bytes)
Event: 9.657 Thread 0x0000022a526d87d0 nmethod 1400 0x0000022a42df2190 code [0x0000022a42df2320, 0x0000022a42df23d8]
Event: 9.657 Thread 0x0000022a526d87d0 1401       3       java.util.LinkedList::checkPositionIndex (22 bytes)
Event: 9.657 Thread 0x0000022a526cbd60 1403       4       java.awt.Component::getTreeLock (4 bytes)
Event: 9.658 Thread 0x0000022a526cbd60 nmethod 1403 0x0000022a42df2490 code [0x0000022a42df2600, 0x0000022a42df2678]
Event: 9.659 Thread 0x0000022a526d87d0 nmethod 1401 0x0000022a3ba94f90 code [0x0000022a3ba951e0, 0x0000022a3ba958c8]
Event: 9.659 Thread 0x0000022a526d87d0 1402       3       java.util.LinkedList::isPositionIndex (18 bytes)
Event: 9.659 Thread 0x0000022a526d87d0 nmethod 1402 0x0000022a3ba95b90 code [0x0000022a3ba95d20, 0x0000022a3ba95eb8]
Event: 9.659 Thread 0x0000022a526d87d0 1404       3       java.util.LinkedList::listIterator (15 bytes)
Event: 9.660 Thread 0x0000022a526d87d0 nmethod 1404 0x0000022a3ba95f90 code [0x0000022a3ba96180, 0x0000022a3ba96588]
Event: 9.660 Thread 0x0000022a526d87d0 1405       3       java.util.LinkedList$ListItr::<init> (47 bytes)
Event: 9.660 Thread 0x0000022a526d87d0 nmethod 1405 0x0000022a3ba96710 code [0x0000022a3ba968c0, 0x0000022a3ba96ba8]
Event: 9.660 Thread 0x0000022a526d87d0 1406       1       sun.util.locale.BaseLocale::getRegion (5 bytes)
Event: 9.661 Thread 0x0000022a526d87d0 nmethod 1406 0x0000022a42df2790 code [0x0000022a42df2920, 0x0000022a42df29d8]
Event: 9.664 Thread 0x0000022a526d87d0 1407       3       java.awt.Container::getListenersCount (52 bytes)
Event: 9.666 Thread 0x0000022a526d87d0 nmethod 1407 0x0000022a3ba96c90 code [0x0000022a3ba96e60, 0x0000022a3ba97298]
Event: 106.434 Thread 0x0000022a526d87d0 1408       3       java.lang.invoke.TypeConvertingMethodAdapter::convertType (299 bytes)

GC Heap History (0 events):
No events

Deoptimization events (20 events):
Event: 8.212 Thread 0x0000022a533ff9e0 DEOPT PACKING pc=0x0000022a42dd5730 sp=0x0000004b843fb7a0
Event: 8.212 Thread 0x0000022a533ff9e0 DEOPT UNPACKING pc=0x0000022a3b2ee42f sp=0x0000004b843fb6b0 mode 2
Event: 8.213 Thread 0x0000022a533ff9e0 DEOPT PACKING pc=0x0000022a3ba30270 sp=0x0000004b843fb650
Event: 8.213 Thread 0x0000022a533ff9e0 DEOPT UNPACKING pc=0x0000022a3b2ee23f sp=0x0000004b843faa30 mode 0
Event: 8.213 Thread 0x0000022a533ff9e0 DEOPT PACKING pc=0x0000022a3ba4e6bf sp=0x0000004b843fb2d0
Event: 8.213 Thread 0x0000022a533ff9e0 DEOPT UNPACKING pc=0x0000022a3b2ee23f sp=0x0000004b843fa780 mode 0
Event: 8.219 Thread 0x0000022a533ff9e0 DEOPT PACKING pc=0x0000022a3ba6ed86 sp=0x0000004b843fb690
Event: 8.219 Thread 0x0000022a533ff9e0 DEOPT UNPACKING pc=0x0000022a3b2ee23f sp=0x0000004b843faa18 mode 0
Event: 8.233 Thread 0x0000022a533ff9e0 DEOPT PACKING pc=0x0000022a3ba30270 sp=0x0000004b843fc0c0
Event: 8.233 Thread 0x0000022a533ff9e0 DEOPT UNPACKING pc=0x0000022a3b2ee23f sp=0x0000004b843fb4a0 mode 0
Event: 8.246 Thread 0x0000022a533ff9e0 DEOPT PACKING pc=0x0000022a3ba35e84 sp=0x0000004b843fbf30
Event: 8.246 Thread 0x0000022a533ff9e0 DEOPT UNPACKING pc=0x0000022a3b2ee23f sp=0x0000004b843fb3a8 mode 0
Event: 8.806 Thread 0x0000022a533ff9e0 Uncommon trap: trap_request=0xffffff45 fr.pc=0x0000022a42dd8f38 relative=0x00000000000000b8
Event: 8.806 Thread 0x0000022a533ff9e0 Uncommon trap: reason=unstable_if action=reinterpret pc=0x0000022a42dd8f38 method=java.awt.Component.inside(II)Z @ 21 c2
Event: 8.806 Thread 0x0000022a533ff9e0 DEOPT PACKING pc=0x0000022a42dd8f38 sp=0x0000004b843fd450
Event: 8.806 Thread 0x0000022a533ff9e0 DEOPT UNPACKING pc=0x0000022a3b2ee42f sp=0x0000004b843fd2e8 mode 2
Event: 9.421 Thread 0x0000022a533ff9e0 DEOPT PACKING pc=0x0000022a3ba30270 sp=0x0000004b843fc090
Event: 9.422 Thread 0x0000022a533ff9e0 DEOPT UNPACKING pc=0x0000022a3b2ee23f sp=0x0000004b843fb470 mode 0
Event: 9.423 Thread 0x0000022a533ff9e0 DEOPT PACKING pc=0x0000022a3ba5747c sp=0x0000004b843fc200
Event: 9.423 Thread 0x0000022a533ff9e0 DEOPT UNPACKING pc=0x0000022a3b2ee23f sp=0x0000004b843fb620 mode 0

Classes unloaded (0 events):
No events

Classes redefined (0 events):
No events

Internal exceptions (20 events):
Event: 0.864 Thread 0x0000022a31870a50 Exception <a 'java/lang/ClassNotFoundException'{0x0000000089d2edd0}: RootPane> (0x0000000089d2edd0) 
thrown [./open/src/hotspot/share/classfile/systemDictionary.cpp, line 295]
Event: 0.869 Thread 0x0000022a31870a50 Exception <a 'java/lang/ClassNotFoundException'{0x0000000089d31c20}: com/sun/swing/internal/plaf/metal/resources/spi/metalProvider> (0x0000000089d31c20) 
thrown [./open/src/hotspot/share/classfile/systemDictionary.cpp, line 295]
Event: 0.872 Thread 0x0000022a31870a50 Exception <a 'java/lang/ClassNotFoundException'{0x0000000089d35c38}: com/sun/swing/internal/plaf/basic/resources/spi/basicProvider> (0x0000000089d35c38) 
thrown [./open/src/hotspot/share/classfile/systemDictionary.cpp, line 295]
Event: 0.935 Thread 0x0000022a533ff9e0 Exception <a 'java/lang/ClassNotFoundException'{0x0000000089c0cb18}: com/sun/swing/internal/plaf/synth/resources/spi/synthProvider> (0x0000000089c0cb18) 
thrown [./open/src/hotspot/share/classfile/systemDictionary.cpp, line 295]
Event: 1.214 Thread 0x0000022a5421a640 Exception <a 'java/lang/NoSuchMethodError'{0x0000000089b85138}: 'java.lang.Object java.lang.invoke.DirectMethodHandle$Holder.newInvokeSpecial(java.lang.Object, java.lang.Object, java.lang.Object, int, int, int, int, int)'> (0x0000000089b85138) 
thrown [./open/src/hotspot/share/interpreter/linkResolver.cpp, line 782]
Event: 1.803 Thread 0x0000022a533ff9e0 Exception <a 'java/lang/NoSuchMethodError'{0x0000000089b63e98}: 'void java.lang.invoke.DirectMethodHandle$Holder.invokeStaticInit(java.lang.Object)'> (0x0000000089b63e98) 
thrown [./open/src/hotspot/share/interpreter/linkResolver.cpp, line 782]
Event: 2.073 Thread 0x0000022a533ff9e0 Exception <a 'java/io/FileNotFoundException'{0x00000000895fa9d0}> (0x00000000895fa9d0) 
thrown [./open/src/hotspot/share/prims/jni.cpp, line 578]
Event: 2.074 Thread 0x0000022a533ff9e0 Exception <a 'java/io/FileNotFoundException'{0x00000000895fcac0}> (0x00000000895fcac0) 
thrown [./open/src/hotspot/share/prims/jni.cpp, line 578]
Event: 2.074 Thread 0x0000022a533ff9e0 Exception <a 'java/io/FileNotFoundException'{0x00000000895fe9d0}> (0x00000000895fe9d0) 
thrown [./open/src/hotspot/share/prims/jni.cpp, line 578]
Event: 2.075 Thread 0x0000022a533ff9e0 Exception <a 'java/io/FileNotFoundException'{0x0000000089400e28}> (0x0000000089400e28) 
thrown [./open/src/hotspot/share/prims/jni.cpp, line 578]
Event: 2.075 Thread 0x0000022a533ff9e0 Exception <a 'java/io/FileNotFoundException'{0x0000000089402d28}> (0x0000000089402d28) 
thrown [./open/src/hotspot/share/prims/jni.cpp, line 578]
Event: 2.075 Thread 0x0000022a533ff9e0 Exception <a 'java/io/FileNotFoundException'{0x0000000089404c28}> (0x0000000089404c28) 
thrown [./open/src/hotspot/share/prims/jni.cpp, line 578]
Event: 2.084 Thread 0x0000022a533ff9e0 Exception <a 'java/io/FileNotFoundException'{0x0000000089412ad8}> (0x0000000089412ad8) 
thrown [./open/src/hotspot/share/prims/jni.cpp, line 578]
Event: 2.085 Thread 0x0000022a533ff9e0 Exception <a 'java/io/FileNotFoundException'{0x00000000894149d8}> (0x00000000894149d8) 
thrown [./open/src/hotspot/share/prims/jni.cpp, line 578]
Event: 2.085 Thread 0x0000022a533ff9e0 Exception <a 'java/io/FileNotFoundException'{0x00000000894168e8}> (0x00000000894168e8) 
thrown [./open/src/hotspot/share/prims/jni.cpp, line 578]
Event: 2.086 Thread 0x0000022a533ff9e0 Exception <a 'java/io/FileNotFoundException'{0x00000000894187f8}> (0x00000000894187f8) 
thrown [./open/src/hotspot/share/prims/jni.cpp, line 578]
Event: 2.086 Thread 0x0000022a533ff9e0 Exception <a 'java/io/FileNotFoundException'{0x000000008941a6f8}> (0x000000008941a6f8) 
thrown [./open/src/hotspot/share/prims/jni.cpp, line 578]
Event: 2.086 Thread 0x0000022a533ff9e0 Exception <a 'java/io/FileNotFoundException'{0x000000008941c5f8}> (0x000000008941c5f8) 
thrown [./open/src/hotspot/share/prims/jni.cpp, line 578]
Event: 8.195 Thread 0x0000022a533ff9e0 Exception <a 'java/lang/NoSuchMethodError'{0x000000008920e858}: 'int java.lang.invoke.DirectMethodHandle$Holder.invokeStatic(java.lang.Object)'> (0x000000008920e858) 
thrown [./open/src/hotspot/share/interpreter/linkResolver.cpp, line 782]
Event: 106.439 Thread 0x0000022a533ff9e0 Exception <a 'java/lang/NoSuchMethodError'{0x000000008927aee0}: 'void java.lang.invoke.DirectMethodHandle$Holder.invokeVirtual(java.lang.Object, java.lang.Object)'> (0x000000008927aee0) 
thrown [./open/src/hotspot/share/interpreter/linkResolver.cpp, line 782]

Events (20 events):
Event: 8.219 loading class java/awt/geom/Path2D$Iterator done
Event: 8.219 loading class java/awt/geom/Path2D$Float$TxIterator done
Event: 8.220 loading class sun/java2d/loops/Blit$GeneralMaskBlit
Event: 8.220 loading class sun/java2d/loops/Blit$GeneralMaskBlit done
Event: 8.668 Executing VM operation: HandshakeAllThreads
Event: 8.668 Executing VM operation: HandshakeAllThreads done
Event: 8.775 loading class sun/awt/ModalExclude
Event: 8.775 loading class sun/awt/ModalExclude done
Event: 9.574 loading class java/awt/KeyboardFocusManager$2
Event: 9.575 loading class java/awt/KeyboardFocusManager$2 done
Event: 9.575 loading class sun/awt/SunToolkit$1
Event: 9.575 loading class sun/awt/SunToolkit$1 done
Event: 9.606 loading class java/awt/Window$1DisposeAction
Event: 9.606 loading class java/awt/Window$1DisposeAction done
Event: 9.680 Executing VM operation: HandshakeAllThreads
Event: 9.680 Executing VM operation: HandshakeAllThreads done
Event: 106.436 loading class java/util/WeakHashMap$KeyIterator
Event: 106.437 loading class java/util/WeakHashMap$HashIterator
Event: 106.438 loading class java/util/WeakHashMap$HashIterator done
Event: 106.438 loading class java/util/WeakHashMap$KeyIterator done


Dynamic libraries:
0x00007ff62ee50000 - 0x00007ff62ee5f000 	C:\Program Files\Java\jdk-15.0.2\bin\java.exe
0x00007ff854d70000 - 0x00007ff854f65000 	C:\WINDOWS\SYSTEM32\ntdll.dll
0x00007ff853ac0000 - 0x00007ff853b7d000 	C:\WINDOWS\System32\KERNEL32.DLL
0x00007ff852910000 - 0x00007ff852bd9000 	C:\WINDOWS\System32\KERNELBASE.dll
0x00007ff852630000 - 0x00007ff852730000 	C:\WINDOWS\System32\ucrtbase.dll
0x00007ff832950000 - 0x00007ff832968000 	C:\Program Files\Java\jdk-15.0.2\bin\jli.dll
0x00007ff837bf0000 - 0x00007ff837c09000 	C:\Program Files\Java\jdk-15.0.2\bin\VCRUNTIME140.dll
0x00007ff854800000 - 0x00007ff8548ac000 	C:\WINDOWS\System32\ADVAPI32.dll
0x00007ff8545b0000 - 0x00007ff85464e000 	C:\WINDOWS\System32\msvcrt.dll
0x00007ff8532b0000 - 0x00007ff85334b000 	C:\WINDOWS\System32\sechost.dll
0x00007ff853660000 - 0x00007ff85378a000 	C:\WINDOWS\System32\RPCRT4.dll
0x00007ff853790000 - 0x00007ff853930000 	C:\WINDOWS\System32\USER32.dll
0x00007ff852840000 - 0x00007ff852862000 	C:\WINDOWS\System32\win32u.dll
0x00007ff853930000 - 0x00007ff85395a000 	C:\WINDOWS\System32\GDI32.dll
0x00007ff83a750000 - 0x00007ff83a9ea000 	C:\WINDOWS\WinSxS\amd64_microsoft.windows.common-controls_6595b64144ccf1df_6.0.19041.1110_none_60b5254171f9507e\COMCTL32.dll
0x00007ff852730000 - 0x00007ff85283b000 	C:\WINDOWS\System32\gdi32full.dll
0x00007ff852870000 - 0x00007ff85290d000 	C:\WINDOWS\System32\msvcp_win.dll
0x00007ff849790000 - 0x00007ff84979a000 	C:\WINDOWS\SYSTEM32\VERSION.dll
0x00007ff8535b0000 - 0x00007ff8535e0000 	C:\WINDOWS\System32\IMM32.DLL
0x00007ff84c560000 - 0x00007ff84c56c000 	C:\Program Files\Java\jdk-15.0.2\bin\vcruntime140_1.dll
0x00007ff832540000 - 0x00007ff8325d1000 	C:\Program Files\Java\jdk-15.0.2\bin\msvcp140.dll
0x00007fffdfe40000 - 0x00007fffe099e000 	C:\Program Files\Java\jdk-15.0.2\bin\server\jvm.dll
0x00007ff853350000 - 0x00007ff853358000 	C:\WINDOWS\System32\PSAPI.DLL
0x00007ff84d5a0000 - 0x00007ff84d5a9000 	C:\WINDOWS\SYSTEM32\WSOCK32.dll
0x00007ff83f3e0000 - 0x00007ff83f407000 	C:\WINDOWS\SYSTEM32\WINMM.dll
0x00007ff853960000 - 0x00007ff8539cb000 	C:\WINDOWS\System32\WS2_32.dll
0x00007ff850d80000 - 0x00007ff850d92000 	C:\WINDOWS\SYSTEM32\kernel.appcore.dll
0x00007ff83a3c0000 - 0x00007ff83a3ca000 	C:\Program Files\Java\jdk-15.0.2\bin\jimage.dll
0x00007ff8502c0000 - 0x00007ff8504a4000 	C:\WINDOWS\SYSTEM32\DBGHELP.DLL
0x00007ff841de0000 - 0x00007ff841e0c000 	C:\WINDOWS\SYSTEM32\dbgcore.DLL
0x00007ff852d40000 - 0x00007ff852dc3000 	C:\WINDOWS\System32\bcryptPrimitives.dll
0x00007ff832710000 - 0x00007ff832735000 	C:\Program Files\Java\jdk-15.0.2\bin\java.dll
0x00007ff853d30000 - 0x00007ff85446f000 	C:\WINDOWS\System32\SHELL32.dll
0x00007ff8504b0000 - 0x00007ff850c40000 	C:\WINDOWS\SYSTEM32\windows.storage.dll
0x00007ff852dd0000 - 0x00007ff853125000 	C:\WINDOWS\System32\combase.dll
0x00007ff851f00000 - 0x00007ff851f2c000 	C:\WINDOWS\SYSTEM32\Wldp.dll
0x00007ff8539d0000 - 0x00007ff853a7e000 	C:\WINDOWS\System32\SHCORE.dll
0x00007ff853c70000 - 0x00007ff853cc5000 	C:\WINDOWS\System32\shlwapi.dll
0x00007ff8523e0000 - 0x00007ff8523ff000 	C:\WINDOWS\SYSTEM32\profapi.dll
0x00007ff8374c0000 - 0x00007ff8374d9000 	C:\Program Files\Java\jdk-15.0.2\bin\net.dll
0x00007ff841a30000 - 0x00007ff841b38000 	C:\WINDOWS\SYSTEM32\WINHTTP.dll
0x00007ff851c60000 - 0x00007ff851cca000 	C:\WINDOWS\system32\mswsock.dll
0x00007ff8326f0000 - 0x00007ff832702000 	C:\Program Files\Java\jdk-15.0.2\bin\nio.dll
0x00007ff8326d0000 - 0x00007ff8326e8000 	C:\Program Files\Java\jdk-15.0.2\bin\zip.dll
0x00007ffffdc90000 - 0x00007ffffde10000 	C:\Program Files\Java\jdk-15.0.2\bin\awt.dll
0x00007ff853130000 - 0x00007ff8531fd000 	C:\WINDOWS\System32\OLEAUT32.dll
0x00007ff84f590000 - 0x00007ff84f620000 	C:\WINDOWS\SYSTEM32\apphelp.dll
0x00007ff84f9b0000 - 0x00007ff84fa4e000 	C:\WINDOWS\system32\uxtheme.dll
0x00007ff853360000 - 0x00007ff853475000 	C:\WINDOWS\System32\MSCTF.dll
0x00007ff853480000 - 0x00007ff8535aa000 	C:\WINDOWS\System32\ole32.dll
0x00007ff84fd30000 - 0x00007ff84fd5f000 	C:\WINDOWS\system32\DWMAPI.DLL
0x00007ff832330000 - 0x00007ff8323b5000 	C:\Program Files\Java\jdk-15.0.2\bin\freetype.dll
0x00007ff832280000 - 0x00007ff832329000 	C:\Program Files\Java\jdk-15.0.2\bin\fontmanager.dll
0x00007ff83ac50000 - 0x00007ff83ad75000 	C:\WINDOWS\system32\opengl32.dll
0x00007ff83adc0000 - 0x00007ff83adec000 	C:\WINDOWS\SYSTEM32\GLU32.dll
0x00007ff853200000 - 0x00007ff8532a9000 	C:\WINDOWS\System32\clbcatq.dll
0x00007ff84ad90000 - 0x00007ff84af44000 	C:\WINDOWS\SYSTEM32\WindowsCodecs.dll
0x00007ff8524a0000 - 0x00007ff8524c7000 	C:\WINDOWS\System32\bcrypt.dll
0x00007ff82d790000 - 0x00007ff82d7ce000 	C:\WINDOWS\system32\dataexchange.dll
0x00007ff84dcc0000 - 0x00007ff84df24000 	C:\WINDOWS\system32\d3d11.dll
0x00007ff84e950000 - 0x00007ff84eb36000 	C:\WINDOWS\system32\dcomp.dll
0x00007ff850da0000 - 0x00007ff850e94000 	C:\WINDOWS\system32\dxgi.dll
0x00007ff84b050000 - 0x00007ff84b251000 	C:\WINDOWS\system32\twinapi.appcore.dll
0x00007ff83d600000 - 0x00007ff83d6f9000 	C:\WINDOWS\SYSTEM32\textinputframework.dll
0x00007ff84efc0000 - 0x00007ff84f31e000 	C:\WINDOWS\System32\CoreUIComponents.dll
0x00007ff84f320000 - 0x00007ff84f412000 	C:\WINDOWS\System32\CoreMessaging.dll
0x00007ff84db60000 - 0x00007ff84dcb4000 	C:\WINDOWS\SYSTEM32\wintypes.dll
0x00007ff8511a0000 - 0x00007ff8511d3000 	C:\WINDOWS\SYSTEM32\ntmarta.dll

dbghelp: loaded successfully - version: 4.0.5 - missing functions: none
symbol engine: initialized successfully - sym options: 0x614 - pdb path: .;C:\Program Files\Java\jdk-15.0.2\bin;C:\WINDOWS\SYSTEM32;C:\WINDOWS\WinSxS\amd64_microsoft.windows.common-controls_6595b64144ccf1df_6.0.19041.1110_none_60b5254171f9507e;C:\Program Files\Java\jdk-15.0.2\bin\server

VM Arguments:
java_command: GYM.Main
java_class_path (initial): C:\Users\HP\Documents\NetBeansProjects\GymManagementSystem\target\classes;C:\Users\HP\.m2\repository\unknown\binary\AbsoluteLayout\SNAPSHOT\AbsoluteLayout-SNAPSHOT.jar;C:\Users\HP\.m2\repository\com\github\rlf\uSkyBlock-API\2.6.4\uSkyBlock-API-2.6.4.jar;C:\Users\HP\.m2\repository\mysql\mysql-connector-java\8.0.26\mysql-connector-java-8.0.26.jar;C:\Users\HP\.m2\repository\com\google\protobuf\protobuf-java\3.11.4\protobuf-java-3.11.4.jar
Launcher Type: SUN_STANDARD

[Global flags]
     intx CICompilerCount                          = 4                                         {product} {ergonomic}
     uint ConcGCThreads                            = 3                                         {product} {ergonomic}
     uint G1ConcRefinementThreads                  = 10                                        {product} {ergonomic}
   size_t G1HeapRegionSize                         = 1048576                                   {product} {ergonomic}
    uintx GCDrainStackTargetSize                   = 64                                        {product} {ergonomic}
   size_t InitialHeapSize                          = 132120576                                 {product} {ergonomic}
   size_t MarkStackSize                            = 4194304                                   {product} {ergonomic}
   size_t MaxHeapSize                              = 2109734912                                {product} {ergonomic}
   size_t MaxNewSize                               = 1265631232                                {product} {ergonomic}
   size_t MinHeapDeltaBytes                        = 1048576                                   {product} {ergonomic}
   size_t MinHeapSize                              = 8388608                                   {product} {ergonomic}
    uintx NonNMethodCodeHeapSize                   = 5839372                                {pd product} {ergonomic}
    uintx NonProfiledCodeHeapSize                  = 122909434                              {pd product} {ergonomic}
    uintx ProfiledCodeHeapSize                     = 122909434                              {pd product} {ergonomic}
    uintx ReservedCodeCacheSize                    = 251658240                              {pd product} {ergonomic}
     bool SegmentedCodeCache                       = true                                      {product} {ergonomic}
   size_t SoftMaxHeapSize                          = 2109734912                             {manageable} {ergonomic}
     bool UseCompressedClassPointers               = true                                 {lp64_product} {ergonomic}
     bool UseCompressedOops                        = true                                 {lp64_product} {ergonomic}
     bool UseG1GC                                  = true                                      {product} {ergonomic}
     bool UseLargePagesIndividualAllocation        = false                                  {pd product} {ergonomic}

Logging:
Log output configuration:
 #0: stdout all=warning uptime,level,tags
 #1: stderr all=off uptime,level,tags

Environment Variables:
JAVA_HOME=C:\Program Files\Java\jdk-15.0.2
PATH=C:\oraclexe\app\oracle\product\11.2.0\server\bin;;C:\Program Files\Common Files\Oracle\Java\javapath;C:\Program Files (x86)\Intel\Intel(R) Management Engine Components\iCLS\;C:\Program Files\Intel\Intel(R) Management Engine Components\iCLS\;C:\windows\system32;C:\windows;C:\windows\System32\Wbem;C:\windows\System32\WindowsPowerShell\v1.0\;C:\windows\System32\OpenSSH\;C:\Program Files (x86)\Intel\Intel(R) Management Engine Components\DAL;C:\Program Files\Intel\Intel(R) Management Engine Components\DAL;C:\Program Files (x86)\Intel\Intel(R) Management Engine Components\IPT;C:\Program Files\Intel\Intel(R) Management Engine Components\IPT;C:\Program Files (x86)\NVIDIA Corporation\PhysX\Common;C:\WINDOWS\system32;C:\WINDOWS;C:\WINDOWS\System32\Wbem;C:\WINDOWS\System32\WindowsPowerShell\v1.0\;C:\WINDOWS\System32\OpenSSH\;C:\Users\HP\AppData\Local\Microsoft\WindowsApps;;C:\Program Files\JetBrains\IntelliJ IDEA Community Edition 2020.2.1\bin;;C:\Users\HP\AppData\Local\Programs\Microsoft VS Code\bin
USERNAME=HP
OS=Windows_NT
PROCESSOR_IDENTIFIER=Intel64 Family 6 Model 158 Stepping 10, GenuineIntel



---------------  S Y S T E M  ---------------

OS:
 Windows 10 , 64 bit Build 19041 (10.0.19041.1151)
OS uptime: 0 days 12:59 hours

CPU: total 12 (initial active 12) (6 cores per cpu, 2 threads per core) family 6 model 158 stepping 10 microcode 0xb4, cmov, cx8, fxsr, mmx, sse, sse2, sse3, ssse3, sse4.1, sse4.2, popcnt, vzeroupper, avx, avx2, aes, clmul, erms, 3dnowpref, lzcnt, ht, tsc, tscinvbit, bmi1, bmi2, adx, fma, clflush, clflushopt

Memory: 4k page, system-wide physical 8046M (244M free)
TotalPageFile size 23151M (AvailPageFile size 0M)
current process WorkingSet (physical memory assigned to process): 93M, peak: 114M
current process commit charge ("private bytes"): 240M, peak: 263M

vm_info: Java HotSpot(TM) 64-Bit Server VM (15.0.2+7-27) for windows-amd64 JRE (15.0.2+7-27), built on Dec  7 2020 20:07:01 by "mach5one" with unknown MS VC++:1925

END.
